2020-08-14 09:47:41.736 +00:00 [INF] Application starting up
2020-08-14 09:47:55.684 +00:00 [DBG] Hosting starting
2020-08-14 09:47:55.922 +00:00 [INF] User profile is available. Using 'C:\Users\acer\AppData\Local\ASP.NET\DataProtection-Keys' as key repository and Windows DPAPI to encrypt keys at rest.
2020-08-14 09:47:56.055 +00:00 [DBG] Reading data from file 'C:\Users\acer\AppData\Local\ASP.NET\DataProtection-Keys\key-ccc8d850-4e66-444b-aa3d-6c55d9fd9c55.xml'.
2020-08-14 09:47:56.503 +00:00 [DBG] Found key "ccc8d850-4e66-444b-aa3d-6c55d9fd9c55".
2020-08-14 09:47:56.610 +00:00 [DBG] Considering key "ccc8d850-4e66-444b-aa3d-6c55d9fd9c55" with expiration date "2020-10-14T09:31:01.0576243+00:00" as default key.
2020-08-14 09:47:56.638 +00:00 [DBG] Forwarded activator type request from Microsoft.AspNetCore.DataProtection.XmlEncryption.DpapiXmlDecryptor, Microsoft.AspNetCore.DataProtection, Version=3.1.6.0, Culture=neutral, PublicKeyToken=adb9793829ddae60 to Microsoft.AspNetCore.DataProtection.XmlEncryption.DpapiXmlDecryptor, Microsoft.AspNetCore.DataProtection, Culture=neutral, PublicKeyToken=adb9793829ddae60
2020-08-14 09:47:56.642 +00:00 [DBG] Decrypting secret element using Windows DPAPI.
2020-08-14 09:47:56.680 +00:00 [DBG] Forwarded activator type request from Microsoft.AspNetCore.DataProtection.AuthenticatedEncryption.ConfigurationModel.AuthenticatedEncryptorDescriptorDeserializer, Microsoft.AspNetCore.DataProtection, Version=3.1.6.0, Culture=neutral, PublicKeyToken=adb9793829ddae60 to Microsoft.AspNetCore.DataProtection.AuthenticatedEncryption.ConfigurationModel.AuthenticatedEncryptorDescriptorDeserializer, Microsoft.AspNetCore.DataProtection, Culture=neutral, PublicKeyToken=adb9793829ddae60
2020-08-14 09:47:56.685 +00:00 [DBG] Opening CNG algorithm 'AES' from provider 'null' with chaining mode CBC.
2020-08-14 09:47:56.689 +00:00 [DBG] Opening CNG algorithm 'SHA256' from provider 'null' with HMAC.
2020-08-14 09:47:56.693 +00:00 [DBG] Using key "ccc8d850-4e66-444b-aa3d-6c55d9fd9c55" as the default key.
2020-08-14 09:47:56.693 +00:00 [DBG] Key ring with default key "ccc8d850-4e66-444b-aa3d-6c55d9fd9c55" was loaded during application startup.
2020-08-14 09:47:58.794 +00:00 [DBG] Loaded hosting startup assembly Seamless.API
2020-08-14 09:47:58.809 +00:00 [INF] Application started. Press Ctrl+C to shut down.
2020-08-14 09:47:58.809 +00:00 [INF] Hosting environment: Development
2020-08-14 09:47:58.809 +00:00 [INF] Content root path: C:\Users\acer\Documents\Afrosoft\Projets\ASP CORE\Seamless\Seamless.API
2020-08-14 09:47:58.810 +00:00 [DBG] Hosting started
2020-08-14 09:47:59.007 +00:00 [INF] Request starting HTTP/2.0 GET https://localhost:44376/swagger/index.html  
2020-08-14 09:47:59.012 +00:00 [DBG] Wildcard detected, all requests with hosts will be allowed.
2020-08-14 09:47:59.012 +00:00 [VRB] All hosts are allowed.
2020-08-14 09:47:59.052 +00:00 [DBG] The request path /swagger/index.html does not match an existing file
2020-08-14 09:47:59.082 +00:00 [DBG] Initializing Razor view compiler with compiled view: '/Views/Features/Index.cshtml'.
2020-08-14 09:47:59.174 +00:00 [DBG] No candidates found for the request path '/swagger/index.html'
2020-08-14 09:47:59.174 +00:00 [DBG] Request did not match any endpoints
2020-08-14 09:47:59.428 +00:00 [DBG] Request information GET /swagger/index.html information
2020-08-14 09:47:59.586 +00:00 [DBG] Response information GET /swagger/index.html 200
2020-08-14 09:47:59.636 +00:00 [INF] HTTP GET /swagger/index.html responded 200 in 571.9144 ms
2020-08-14 09:47:59.713 +00:00 [INF] Request finished in 710.4927ms 200 text/html;charset=utf-8
2020-08-14 09:48:00.320 +00:00 [INF] Request starting HTTP/2.0 GET https://localhost:44376/swagger/v1/swagger.json  
2020-08-14 09:48:00.322 +00:00 [VRB] All hosts are allowed.
2020-08-14 09:48:00.323 +00:00 [DBG] The request path /swagger/v1/swagger.json does not match an existing file
2020-08-14 09:48:00.325 +00:00 [DBG] No candidates found for the request path '/swagger/v1/swagger.json'
2020-08-14 09:48:00.325 +00:00 [DBG] Request did not match any endpoints
2020-08-14 09:48:00.328 +00:00 [DBG] Request information GET /swagger/v1/swagger.json information
2020-08-14 09:48:01.010 +00:00 [DBG] Response information GET /swagger/v1/swagger.json 200
2020-08-14 09:48:01.059 +00:00 [INF] HTTP GET /swagger/v1/swagger.json responded 200 in 735.0309 ms
2020-08-14 09:48:01.061 +00:00 [INF] Request finished in 742.0239ms 200 application/json;charset=utf-8
2020-08-14 09:48:24.883 +00:00 [INF] Request starting HTTP/2.0 GET https://localhost:44376/api/v1/activitylog?sort=action&direction=asc&pageIndex=1&pageSize=2  
2020-08-14 09:48:24.883 +00:00 [VRB] All hosts are allowed.
2020-08-14 09:48:24.883 +00:00 [DBG] The request path /api/v1/activitylog does not match a supported file type
2020-08-14 09:48:24.899 +00:00 [DBG] 1 candidate(s) found for the request path '/api/v1/activitylog'
2020-08-14 09:48:24.904 +00:00 [DBG] Endpoint 'Seamless.API.V1.Controllers.ActivityLogController.GetActivityLogsAsync (Seamless.API.V1)' with route pattern 'api/v1/ActivityLog' is valid for the request path '/api/v1/activitylog'
2020-08-14 09:48:24.904 +00:00 [DBG] Request matched endpoint 'Seamless.API.V1.Controllers.ActivityLogController.GetActivityLogsAsync (Seamless.API.V1)'
2020-08-14 09:48:24.925 +00:00 [DBG] Request information GET /api/v1/activitylog information
2020-08-14 09:48:24.926 +00:00 [INF] Executing endpoint 'Seamless.API.V1.Controllers.ActivityLogController.GetActivityLogsAsync (Seamless.API.V1)'
2020-08-14 09:48:24.966 +00:00 [DBG] Registered model binder providers, in the following order: ["Microsoft.AspNetCore.Mvc.ModelBinding.Binders.BinderTypeModelBinderProvider","Microsoft.AspNetCore.Mvc.ModelBinding.Binders.ServicesModelBinderProvider","Microsoft.AspNetCore.Mvc.ModelBinding.Binders.BodyModelBinderProvider","Microsoft.AspNetCore.Mvc.ModelBinding.Binders.HeaderModelBinderProvider","Microsoft.AspNetCore.Mvc.ModelBinding.Binders.FloatingPointTypeModelBinderProvider","Microsoft.AspNetCore.Mvc.ModelBinding.Binders.EnumTypeModelBinderProvider","Microsoft.AspNetCore.Mvc.ModelBinding.Binders.SimpleTypeModelBinderProvider","Microsoft.AspNetCore.Mvc.ModelBinding.Binders.CancellationTokenModelBinderProvider","Microsoft.AspNetCore.Mvc.ModelBinding.Binders.ByteArrayModelBinderProvider","Microsoft.AspNetCore.Mvc.ModelBinding.Binders.FormFileModelBinderProvider","Microsoft.AspNetCore.Mvc.ModelBinding.Binders.FormCollectionModelBinderProvider","Microsoft.AspNetCore.Mvc.ModelBinding.Binders.KeyValuePairModelBinderProvider","Microsoft.AspNetCore.Mvc.ModelBinding.Binders.DictionaryModelBinderProvider","Microsoft.AspNetCore.Mvc.ModelBinding.Binders.ArrayModelBinderProvider","Microsoft.AspNetCore.Mvc.ModelBinding.Binders.CollectionModelBinderProvider","Microsoft.AspNetCore.Mvc.ModelBinding.Binders.ComplexTypeModelBinderProvider"]
2020-08-14 09:48:25.326 +00:00 [INF] Route matched with {action = "GetActivityLogs", controller = "ActivityLog"}. Executing controller action with signature System.Threading.Tasks.Task`1[Microsoft.AspNetCore.Mvc.ActionResult`1[Seamless.Model.Dtos.PagedResults`1[Seamless.Model.Dtos.ActivityLogDto]]] GetActivityLogsAsync(Seamless.Domain.Queries.ActivityLog.GetActivityLogsQuery) on controller Seamless.API.V1.Controllers.ActivityLogController (Seamless.API.V1).
2020-08-14 09:48:25.327 +00:00 [DBG] Execution plan of authorization filters (in the following order): ["None"]
2020-08-14 09:48:25.328 +00:00 [DBG] Execution plan of resource filters (in the following order): ["Microsoft.AspNetCore.Mvc.ViewFeatures.Filters.SaveTempDataFilter","Microsoft.AspNetCore.Mvc.ConsumesAttribute"]
2020-08-14 09:48:25.328 +00:00 [DBG] Execution plan of action filters (in the following order): ["Microsoft.AspNetCore.Mvc.ModelBinding.UnsupportedContentTypeFilter (Order: -3000)","Microsoft.AspNetCore.Mvc.Infrastructure.ModelStateInvalidFilter (Order: -2000)","Seamless.API.Helpers.SerilogMvcLoggingAttribute (Order: 0)","Seamless.API.Helpers.HttpResponseExceptionFilter (Order: 2147483637)"]
2020-08-14 09:48:25.328 +00:00 [DBG] Execution plan of exception filters (in the following order): ["None"]
2020-08-14 09:48:25.329 +00:00 [DBG] Execution plan of result filters (in the following order): ["Microsoft.AspNetCore.Mvc.ViewFeatures.Filters.SaveTempDataFilter","Microsoft.AspNetCore.Mvc.Infrastructure.ClientErrorResultFilter (Order: -2000)","Seamless.API.Helpers.SerilogMvcLoggingAttribute (Order: 0)","Microsoft.AspNetCore.Mvc.ProducesAttribute (Order: 0)"]
2020-08-14 09:48:25.330 +00:00 [VRB] Resource Filter: Before executing OnResourceExecuting on filter Microsoft.AspNetCore.Mvc.ViewFeatures.Filters.SaveTempDataFilter.
2020-08-14 09:48:25.330 +00:00 [VRB] Resource Filter: After executing OnResourceExecuting on filter Microsoft.AspNetCore.Mvc.ViewFeatures.Filters.SaveTempDataFilter.
2020-08-14 09:48:25.330 +00:00 [VRB] Resource Filter: Before executing OnResourceExecuting on filter Microsoft.AspNetCore.Mvc.ConsumesAttribute.
2020-08-14 09:48:25.331 +00:00 [VRB] Resource Filter: After executing OnResourceExecuting on filter Microsoft.AspNetCore.Mvc.ConsumesAttribute.
2020-08-14 09:48:25.331 +00:00 [DBG] Executing controller factory for controller Seamless.API.V1.Controllers.ActivityLogController (Seamless.API.V1)
2020-08-14 09:48:25.333 +00:00 [DBG] Executed controller factory for controller Seamless.API.V1.Controllers.ActivityLogController (Seamless.API.V1)
2020-08-14 09:48:25.362 +00:00 [DBG] Attempting to bind parameter 'query' of type 'Seamless.Domain.Queries.ActivityLog.GetActivityLogsQuery' ...
2020-08-14 09:48:25.368 +00:00 [DBG] Attempting to bind parameter 'query' of type 'Seamless.Domain.Queries.ActivityLog.GetActivityLogsQuery' using the name '' in request data ...
2020-08-14 09:48:25.397 +00:00 [DBG] Could not find a value in the request with name 'Search' for binding property 'Seamless.Domain.Queries.ActivityLog.GetActivityLogsQuery.Search' of type 'System.String'.
2020-08-14 09:48:25.398 +00:00 [DBG] Done attempting to bind property 'Seamless.Domain.Queries.ActivityLog.GetActivityLogsQuery.Search' of type 'System.String'.
2020-08-14 09:48:25.402 +00:00 [DBG] Attempting to bind property 'Seamless.Domain.Queries.ActivityLog.GetActivityLogsQuery.Sort' of type 'System.String' using the name 'Sort' in request data ...
2020-08-14 09:48:25.403 +00:00 [DBG] Done attempting to bind property 'Seamless.Domain.Queries.ActivityLog.GetActivityLogsQuery.Sort' of type 'System.String'.
2020-08-14 09:48:25.404 +00:00 [DBG] Attempting to bind property 'Seamless.Domain.Queries.ActivityLog.GetActivityLogsQuery.Direction' of type 'System.String' using the name 'Direction' in request data ...
2020-08-14 09:48:25.404 +00:00 [DBG] Done attempting to bind property 'Seamless.Domain.Queries.ActivityLog.GetActivityLogsQuery.Direction' of type 'System.String'.
2020-08-14 09:48:25.404 +00:00 [DBG] Attempting to bind property 'Seamless.Domain.Queries.ActivityLog.GetActivityLogsQuery.PageIndex' of type 'System.Int32' using the name 'PageIndex' in request data ...
2020-08-14 09:48:25.421 +00:00 [DBG] Done attempting to bind property 'Seamless.Domain.Queries.ActivityLog.GetActivityLogsQuery.PageIndex' of type 'System.Int32'.
2020-08-14 09:48:25.422 +00:00 [DBG] Attempting to bind property 'Seamless.Domain.Queries.ActivityLog.GetActivityLogsQuery.PageSize' of type 'System.Int32' using the name 'PageSize' in request data ...
2020-08-14 09:48:25.422 +00:00 [DBG] Done attempting to bind property 'Seamless.Domain.Queries.ActivityLog.GetActivityLogsQuery.PageSize' of type 'System.Int32'.
2020-08-14 09:48:25.422 +00:00 [DBG] Could not find a value in the request with name 'UserId' for binding property 'Seamless.Domain.Queries.ActivityLog.GetActivityLogsQuery.UserId' of type 'System.Int32'.
2020-08-14 09:48:25.422 +00:00 [DBG] Done attempting to bind property 'Seamless.Domain.Queries.ActivityLog.GetActivityLogsQuery.UserId' of type 'System.Int32'.
2020-08-14 09:48:25.422 +00:00 [DBG] Done attempting to bind parameter 'query' of type 'Seamless.Domain.Queries.ActivityLog.GetActivityLogsQuery'.
2020-08-14 09:48:25.423 +00:00 [DBG] Done attempting to bind parameter 'query' of type 'Seamless.Domain.Queries.ActivityLog.GetActivityLogsQuery'.
2020-08-14 09:48:25.423 +00:00 [DBG] Attempting to validate the bound parameter 'query' of type 'Seamless.Domain.Queries.ActivityLog.GetActivityLogsQuery' ...
2020-08-14 09:48:25.513 +00:00 [DBG] Done attempting to validate the bound parameter 'query' of type 'Seamless.Domain.Queries.ActivityLog.GetActivityLogsQuery'.
2020-08-14 09:48:25.514 +00:00 [VRB] Action Filter: Before executing OnActionExecuting on filter Microsoft.AspNetCore.Mvc.ModelBinding.UnsupportedContentTypeFilter.
2020-08-14 09:48:25.514 +00:00 [VRB] Action Filter: After executing OnActionExecuting on filter Microsoft.AspNetCore.Mvc.ModelBinding.UnsupportedContentTypeFilter.
2020-08-14 09:48:25.514 +00:00 [VRB] Action Filter: Before executing OnActionExecuting on filter Microsoft.AspNetCore.Mvc.Infrastructure.ModelStateInvalidFilter.
2020-08-14 09:48:25.515 +00:00 [VRB] Action Filter: After executing OnActionExecuting on filter Microsoft.AspNetCore.Mvc.Infrastructure.ModelStateInvalidFilter.
2020-08-14 09:48:25.515 +00:00 [VRB] Action Filter: Before executing OnActionExecutionAsync on filter Seamless.API.Helpers.SerilogMvcLoggingAttribute.
2020-08-14 09:48:25.520 +00:00 [VRB] Action Filter: Before executing OnActionExecuting on filter Seamless.API.Helpers.HttpResponseExceptionFilter.
2020-08-14 09:48:25.520 +00:00 [VRB] Action Filter: After executing OnActionExecuting on filter Seamless.API.Helpers.HttpResponseExceptionFilter.
2020-08-14 09:48:25.539 +00:00 [INF] Executing action method Seamless.API.V1.Controllers.ActivityLogController.GetActivityLogsAsync (Seamless.API.V1) - Validation state: "Valid"
2020-08-14 09:48:25.550 +00:00 [VRB] Executing action method Seamless.API.V1.Controllers.ActivityLogController.GetActivityLogsAsync (Seamless.API.V1) with arguments (["Seamless.Domain.Queries.ActivityLog.GetActivityLogsQuery"])
2020-08-14 09:48:26.060 +00:00 [DBG] An 'IServiceProvider' was created for internal use by Entity Framework.
2020-08-14 09:48:27.713 +00:00 [DBG] The index {'RoleId'} was not created on entity type 'ARoleClaim' as the properties are already covered by the index {'RoleId', 'ClaimId'}.
2020-08-14 09:48:27.714 +00:00 [DBG] The index {'UserId'} was not created on entity type 'AUserClaim' as the properties are already covered by the index {'UserId', 'ClaimId'}.
2020-08-14 09:48:27.714 +00:00 [DBG] The index {'UserId'} was not created on entity type 'AUserRole' as the properties are already covered by the index {'UserId', 'RoleId'}.
2020-08-14 09:48:27.906 +00:00 [WRN] The property 'Id' on entity type 'AClaim' is of type 'byte', but is set up to use a SQL Server identity column. This requires that values starting at 255 and counting down will be used for temporary key values. A temporary key value is needed for every entity inserted in a single call to 'SaveChanges'. Care must be taken that these values do not collide with real key values.
2020-08-14 09:48:27.907 +00:00 [WRN] The property 'Id' on entity type 'ARole' is of type 'byte', but is set up to use a SQL Server identity column. This requires that values starting at 255 and counting down will be used for temporary key values. A temporary key value is needed for every entity inserted in a single call to 'SaveChanges'. Care must be taken that these values do not collide with real key values.
2020-08-14 09:48:28.042 +00:00 [INF] Entity Framework Core 3.1.1 initialized 'SeamlessContext' using provider 'Microsoft.EntityFrameworkCore.SqlServer' with options: None
2020-08-14 09:48:29.235 +00:00 [VRB] Action Filter: Before executing OnActionExecuted on filter Seamless.API.Helpers.HttpResponseExceptionFilter.
2020-08-14 09:48:29.236 +00:00 [VRB] Action Filter: After executing OnActionExecuted on filter Seamless.API.Helpers.HttpResponseExceptionFilter.
2020-08-14 09:48:29.236 +00:00 [VRB] Action Filter: After executing OnActionExecutionAsync on filter Seamless.API.Helpers.SerilogMvcLoggingAttribute.
2020-08-14 09:48:29.236 +00:00 [VRB] Action Filter: Before executing OnActionExecuted on filter Microsoft.AspNetCore.Mvc.Infrastructure.ModelStateInvalidFilter.
2020-08-14 09:48:29.236 +00:00 [VRB] Action Filter: After executing OnActionExecuted on filter Microsoft.AspNetCore.Mvc.Infrastructure.ModelStateInvalidFilter.
2020-08-14 09:48:29.236 +00:00 [VRB] Action Filter: Before executing OnActionExecuted on filter Microsoft.AspNetCore.Mvc.ModelBinding.UnsupportedContentTypeFilter.
2020-08-14 09:48:29.236 +00:00 [VRB] Action Filter: After executing OnActionExecuted on filter Microsoft.AspNetCore.Mvc.ModelBinding.UnsupportedContentTypeFilter.
2020-08-14 09:48:29.238 +00:00 [VRB] Resource Filter: Before executing OnResourceExecuted on filter Microsoft.AspNetCore.Mvc.ConsumesAttribute.
2020-08-14 09:48:29.238 +00:00 [VRB] Resource Filter: After executing OnResourceExecuted on filter Microsoft.AspNetCore.Mvc.ConsumesAttribute.
2020-08-14 09:48:29.238 +00:00 [VRB] Resource Filter: Before executing OnResourceExecuted on filter Microsoft.AspNetCore.Mvc.ViewFeatures.Filters.SaveTempDataFilter.
2020-08-14 09:48:29.239 +00:00 [VRB] Resource Filter: After executing OnResourceExecuted on filter Microsoft.AspNetCore.Mvc.ViewFeatures.Filters.SaveTempDataFilter.
2020-08-14 09:48:29.246 +00:00 [INF] Executed action Seamless.API.V1.Controllers.ActivityLogController.GetActivityLogsAsync (Seamless.API.V1) in 3910.5332ms
2020-08-14 09:48:29.255 +00:00 [INF] Executed endpoint 'Seamless.API.V1.Controllers.ActivityLogController.GetActivityLogsAsync (Seamless.API.V1)'
2020-08-14 11:25:48.983 +00:00 [INF] Application starting up
2020-08-14 11:26:04.144 +00:00 [DBG] Hosting starting
2020-08-14 11:26:05.083 +00:00 [INF] User profile is available. Using 'C:\Users\acer\AppData\Local\ASP.NET\DataProtection-Keys' as key repository and Windows DPAPI to encrypt keys at rest.
2020-08-14 11:26:05.191 +00:00 [DBG] Reading data from file 'C:\Users\acer\AppData\Local\ASP.NET\DataProtection-Keys\key-ccc8d850-4e66-444b-aa3d-6c55d9fd9c55.xml'.
2020-08-14 11:26:05.452 +00:00 [DBG] Found key "ccc8d850-4e66-444b-aa3d-6c55d9fd9c55".
2020-08-14 11:26:05.493 +00:00 [DBG] Considering key "ccc8d850-4e66-444b-aa3d-6c55d9fd9c55" with expiration date "2020-10-14T09:31:01.0576243+00:00" as default key.
2020-08-14 11:26:05.505 +00:00 [DBG] Forwarded activator type request from Microsoft.AspNetCore.DataProtection.XmlEncryption.DpapiXmlDecryptor, Microsoft.AspNetCore.DataProtection, Version=3.1.6.0, Culture=neutral, PublicKeyToken=adb9793829ddae60 to Microsoft.AspNetCore.DataProtection.XmlEncryption.DpapiXmlDecryptor, Microsoft.AspNetCore.DataProtection, Culture=neutral, PublicKeyToken=adb9793829ddae60
2020-08-14 11:26:05.509 +00:00 [DBG] Decrypting secret element using Windows DPAPI.
2020-08-14 11:26:05.511 +00:00 [DBG] Forwarded activator type request from Microsoft.AspNetCore.DataProtection.AuthenticatedEncryption.ConfigurationModel.AuthenticatedEncryptorDescriptorDeserializer, Microsoft.AspNetCore.DataProtection, Version=3.1.6.0, Culture=neutral, PublicKeyToken=adb9793829ddae60 to Microsoft.AspNetCore.DataProtection.AuthenticatedEncryption.ConfigurationModel.AuthenticatedEncryptorDescriptorDeserializer, Microsoft.AspNetCore.DataProtection, Culture=neutral, PublicKeyToken=adb9793829ddae60
2020-08-14 11:26:05.516 +00:00 [DBG] Opening CNG algorithm 'AES' from provider 'null' with chaining mode CBC.
2020-08-14 11:26:05.520 +00:00 [DBG] Opening CNG algorithm 'SHA256' from provider 'null' with HMAC.
2020-08-14 11:26:05.525 +00:00 [DBG] Using key "ccc8d850-4e66-444b-aa3d-6c55d9fd9c55" as the default key.
2020-08-14 11:26:05.526 +00:00 [DBG] Key ring with default key "ccc8d850-4e66-444b-aa3d-6c55d9fd9c55" was loaded during application startup.
2020-08-14 11:26:07.734 +00:00 [DBG] Loaded hosting startup assembly Seamless.API
2020-08-14 11:26:07.766 +00:00 [INF] Application started. Press Ctrl+C to shut down.
2020-08-14 11:26:07.766 +00:00 [INF] Hosting environment: Development
2020-08-14 11:26:07.766 +00:00 [INF] Content root path: C:\Users\acer\Documents\Afrosoft\Projets\ASP CORE\Seamless\Seamless.API
2020-08-14 11:26:07.766 +00:00 [DBG] Hosting started
2020-08-14 11:26:07.862 +00:00 [INF] Request starting HTTP/2.0 GET https://localhost:44376/swagger/index.html  
2020-08-14 11:26:07.867 +00:00 [DBG] Wildcard detected, all requests with hosts will be allowed.
2020-08-14 11:26:07.867 +00:00 [VRB] All hosts are allowed.
2020-08-14 11:26:07.945 +00:00 [DBG] The request path /swagger/index.html does not match an existing file
2020-08-14 11:26:07.961 +00:00 [DBG] Initializing Razor view compiler with compiled view: '/Views/Features/Index.cshtml'.
2020-08-14 11:26:08.041 +00:00 [DBG] No candidates found for the request path '/swagger/index.html'
2020-08-14 11:26:08.041 +00:00 [DBG] Request did not match any endpoints
2020-08-14 11:26:08.244 +00:00 [DBG] Request information GET /swagger/index.html information
2020-08-14 11:26:08.704 +00:00 [DBG] Response information GET /swagger/index.html 200
2020-08-14 11:26:08.715 +00:00 [INF] HTTP GET /swagger/index.html responded 200 in 765.354 ms
2020-08-14 11:26:08.784 +00:00 [INF] Request finished in 925.7788ms 200 text/html;charset=utf-8
2020-08-14 11:26:10.092 +00:00 [INF] Request starting HTTP/2.0 GET https://localhost:44376/swagger/v1/swagger.json  
2020-08-14 11:26:10.093 +00:00 [VRB] All hosts are allowed.
2020-08-14 11:26:10.095 +00:00 [DBG] The request path /swagger/v1/swagger.json does not match an existing file
2020-08-14 11:26:10.097 +00:00 [DBG] No candidates found for the request path '/swagger/v1/swagger.json'
2020-08-14 11:26:10.098 +00:00 [DBG] Request did not match any endpoints
2020-08-14 11:26:10.101 +00:00 [DBG] Request information GET /swagger/v1/swagger.json information
2020-08-14 11:26:11.037 +00:00 [DBG] Response information GET /swagger/v1/swagger.json 200
2020-08-14 11:26:11.061 +00:00 [INF] HTTP GET /swagger/v1/swagger.json responded 200 in 965.7429 ms
2020-08-14 11:26:11.067 +00:00 [INF] Request finished in 976.0267ms 200 application/json;charset=utf-8
2020-08-14 11:26:40.471 +00:00 [INF] Request starting HTTP/2.0 GET https://localhost:44376/api/v1/priority?sort=name&direction=asc&pageIndex=1&pageSize=2  
2020-08-14 11:26:40.472 +00:00 [VRB] All hosts are allowed.
2020-08-14 11:26:40.472 +00:00 [DBG] The request path /api/v1/priority does not match a supported file type
2020-08-14 11:26:40.484 +00:00 [DBG] 1 candidate(s) found for the request path '/api/v1/priority'
2020-08-14 11:26:40.488 +00:00 [DBG] Endpoint 'Seamless.API.V1.Controllers.PriorityController.GetPrioritysAsync (Seamless.API.V1)' with route pattern 'api/v1/Priority' is valid for the request path '/api/v1/priority'
2020-08-14 11:26:40.489 +00:00 [DBG] Request matched endpoint 'Seamless.API.V1.Controllers.PriorityController.GetPrioritysAsync (Seamless.API.V1)'
2020-08-14 11:26:40.507 +00:00 [DBG] Request information GET /api/v1/priority information
2020-08-14 11:26:40.508 +00:00 [INF] Executing endpoint 'Seamless.API.V1.Controllers.PriorityController.GetPrioritysAsync (Seamless.API.V1)'
2020-08-14 11:26:40.584 +00:00 [DBG] Registered model binder providers, in the following order: ["Microsoft.AspNetCore.Mvc.ModelBinding.Binders.BinderTypeModelBinderProvider","Microsoft.AspNetCore.Mvc.ModelBinding.Binders.ServicesModelBinderProvider","Microsoft.AspNetCore.Mvc.ModelBinding.Binders.BodyModelBinderProvider","Microsoft.AspNetCore.Mvc.ModelBinding.Binders.HeaderModelBinderProvider","Microsoft.AspNetCore.Mvc.ModelBinding.Binders.FloatingPointTypeModelBinderProvider","Microsoft.AspNetCore.Mvc.ModelBinding.Binders.EnumTypeModelBinderProvider","Microsoft.AspNetCore.Mvc.ModelBinding.Binders.SimpleTypeModelBinderProvider","Microsoft.AspNetCore.Mvc.ModelBinding.Binders.CancellationTokenModelBinderProvider","Microsoft.AspNetCore.Mvc.ModelBinding.Binders.ByteArrayModelBinderProvider","Microsoft.AspNetCore.Mvc.ModelBinding.Binders.FormFileModelBinderProvider","Microsoft.AspNetCore.Mvc.ModelBinding.Binders.FormCollectionModelBinderProvider","Microsoft.AspNetCore.Mvc.ModelBinding.Binders.KeyValuePairModelBinderProvider","Microsoft.AspNetCore.Mvc.ModelBinding.Binders.DictionaryModelBinderProvider","Microsoft.AspNetCore.Mvc.ModelBinding.Binders.ArrayModelBinderProvider","Microsoft.AspNetCore.Mvc.ModelBinding.Binders.CollectionModelBinderProvider","Microsoft.AspNetCore.Mvc.ModelBinding.Binders.ComplexTypeModelBinderProvider"]
2020-08-14 11:26:41.225 +00:00 [INF] Route matched with {action = "GetPrioritys", controller = "Priority"}. Executing controller action with signature System.Threading.Tasks.Task`1[Microsoft.AspNetCore.Mvc.ActionResult`1[Seamless.Model.Dtos.PagedResults`1[Seamless.Model.Dtos.PriorityDto]]] GetPrioritysAsync(Seamless.Domain.Queries.Priority.GetPrioritiesQuery) on controller Seamless.API.V1.Controllers.PriorityController (Seamless.API.V1).
2020-08-14 11:26:41.226 +00:00 [DBG] Execution plan of authorization filters (in the following order): ["None"]
2020-08-14 11:26:41.227 +00:00 [DBG] Execution plan of resource filters (in the following order): ["Microsoft.AspNetCore.Mvc.ViewFeatures.Filters.SaveTempDataFilter","Microsoft.AspNetCore.Mvc.ConsumesAttribute"]
2020-08-14 11:26:41.227 +00:00 [DBG] Execution plan of action filters (in the following order): ["Microsoft.AspNetCore.Mvc.ModelBinding.UnsupportedContentTypeFilter (Order: -3000)","Microsoft.AspNetCore.Mvc.Infrastructure.ModelStateInvalidFilter (Order: -2000)","Seamless.API.Helpers.SerilogMvcLoggingAttribute (Order: 0)","Seamless.API.Helpers.HttpResponseExceptionFilter (Order: 2147483637)"]
2020-08-14 11:26:41.227 +00:00 [DBG] Execution plan of exception filters (in the following order): ["None"]
2020-08-14 11:26:41.228 +00:00 [DBG] Execution plan of result filters (in the following order): ["Microsoft.AspNetCore.Mvc.ViewFeatures.Filters.SaveTempDataFilter","Microsoft.AspNetCore.Mvc.Infrastructure.ClientErrorResultFilter (Order: -2000)","Seamless.API.Helpers.SerilogMvcLoggingAttribute (Order: 0)","Microsoft.AspNetCore.Mvc.ProducesAttribute (Order: 0)"]
2020-08-14 11:26:41.228 +00:00 [VRB] Resource Filter: Before executing OnResourceExecuting on filter Microsoft.AspNetCore.Mvc.ViewFeatures.Filters.SaveTempDataFilter.
2020-08-14 11:26:41.229 +00:00 [VRB] Resource Filter: After executing OnResourceExecuting on filter Microsoft.AspNetCore.Mvc.ViewFeatures.Filters.SaveTempDataFilter.
2020-08-14 11:26:41.229 +00:00 [VRB] Resource Filter: Before executing OnResourceExecuting on filter Microsoft.AspNetCore.Mvc.ConsumesAttribute.
2020-08-14 11:26:41.230 +00:00 [VRB] Resource Filter: After executing OnResourceExecuting on filter Microsoft.AspNetCore.Mvc.ConsumesAttribute.
2020-08-14 11:26:41.230 +00:00 [DBG] Executing controller factory for controller Seamless.API.V1.Controllers.PriorityController (Seamless.API.V1)
2020-08-14 11:26:41.232 +00:00 [DBG] Executed controller factory for controller Seamless.API.V1.Controllers.PriorityController (Seamless.API.V1)
2020-08-14 11:26:41.254 +00:00 [DBG] Attempting to bind parameter 'query' of type 'Seamless.Domain.Queries.Priority.GetPrioritiesQuery' ...
2020-08-14 11:26:41.259 +00:00 [DBG] Attempting to bind parameter 'query' of type 'Seamless.Domain.Queries.Priority.GetPrioritiesQuery' using the name '' in request data ...
2020-08-14 11:26:41.264 +00:00 [DBG] Could not find a value in the request with name 'Search' for binding property 'Seamless.Domain.Queries.Priority.GetPrioritiesQuery.Search' of type 'System.String'.
2020-08-14 11:26:41.264 +00:00 [DBG] Done attempting to bind property 'Seamless.Domain.Queries.Priority.GetPrioritiesQuery.Search' of type 'System.String'.
2020-08-14 11:26:41.269 +00:00 [DBG] Attempting to bind property 'Seamless.Domain.Queries.Priority.GetPrioritiesQuery.Sort' of type 'System.String' using the name 'Sort' in request data ...
2020-08-14 11:26:41.269 +00:00 [DBG] Done attempting to bind property 'Seamless.Domain.Queries.Priority.GetPrioritiesQuery.Sort' of type 'System.String'.
2020-08-14 11:26:41.270 +00:00 [DBG] Attempting to bind property 'Seamless.Domain.Queries.Priority.GetPrioritiesQuery.Direction' of type 'System.String' using the name 'Direction' in request data ...
2020-08-14 11:26:41.270 +00:00 [DBG] Done attempting to bind property 'Seamless.Domain.Queries.Priority.GetPrioritiesQuery.Direction' of type 'System.String'.
2020-08-14 11:26:41.270 +00:00 [DBG] Attempting to bind property 'Seamless.Domain.Queries.Priority.GetPrioritiesQuery.PageIndex' of type 'System.Int32' using the name 'PageIndex' in request data ...
2020-08-14 11:26:41.301 +00:00 [DBG] Done attempting to bind property 'Seamless.Domain.Queries.Priority.GetPrioritiesQuery.PageIndex' of type 'System.Int32'.
2020-08-14 11:26:41.302 +00:00 [DBG] Attempting to bind property 'Seamless.Domain.Queries.Priority.GetPrioritiesQuery.PageSize' of type 'System.Int32' using the name 'PageSize' in request data ...
2020-08-14 11:26:41.302 +00:00 [DBG] Done attempting to bind property 'Seamless.Domain.Queries.Priority.GetPrioritiesQuery.PageSize' of type 'System.Int32'.
2020-08-14 11:26:41.302 +00:00 [DBG] Could not find a value in the request with name 'UserId' for binding property 'Seamless.Domain.Queries.Priority.GetPrioritiesQuery.UserId' of type 'System.Int32'.
2020-08-14 11:26:41.302 +00:00 [DBG] Done attempting to bind property 'Seamless.Domain.Queries.Priority.GetPrioritiesQuery.UserId' of type 'System.Int32'.
2020-08-14 11:26:41.303 +00:00 [DBG] Done attempting to bind parameter 'query' of type 'Seamless.Domain.Queries.Priority.GetPrioritiesQuery'.
2020-08-14 11:26:41.303 +00:00 [DBG] Done attempting to bind parameter 'query' of type 'Seamless.Domain.Queries.Priority.GetPrioritiesQuery'.
2020-08-14 11:26:41.303 +00:00 [DBG] Attempting to validate the bound parameter 'query' of type 'Seamless.Domain.Queries.Priority.GetPrioritiesQuery' ...
2020-08-14 11:26:41.415 +00:00 [DBG] Done attempting to validate the bound parameter 'query' of type 'Seamless.Domain.Queries.Priority.GetPrioritiesQuery'.
2020-08-14 11:26:41.415 +00:00 [VRB] Action Filter: Before executing OnActionExecuting on filter Microsoft.AspNetCore.Mvc.ModelBinding.UnsupportedContentTypeFilter.
2020-08-14 11:26:41.415 +00:00 [VRB] Action Filter: After executing OnActionExecuting on filter Microsoft.AspNetCore.Mvc.ModelBinding.UnsupportedContentTypeFilter.
2020-08-14 11:26:41.415 +00:00 [VRB] Action Filter: Before executing OnActionExecuting on filter Microsoft.AspNetCore.Mvc.Infrastructure.ModelStateInvalidFilter.
2020-08-14 11:26:41.415 +00:00 [VRB] Action Filter: After executing OnActionExecuting on filter Microsoft.AspNetCore.Mvc.Infrastructure.ModelStateInvalidFilter.
2020-08-14 11:26:41.416 +00:00 [VRB] Action Filter: Before executing OnActionExecutionAsync on filter Seamless.API.Helpers.SerilogMvcLoggingAttribute.
2020-08-14 11:26:41.418 +00:00 [VRB] Action Filter: Before executing OnActionExecuting on filter Seamless.API.Helpers.HttpResponseExceptionFilter.
2020-08-14 11:26:41.418 +00:00 [VRB] Action Filter: After executing OnActionExecuting on filter Seamless.API.Helpers.HttpResponseExceptionFilter.
2020-08-14 11:26:41.426 +00:00 [INF] Executing action method Seamless.API.V1.Controllers.PriorityController.GetPrioritysAsync (Seamless.API.V1) - Validation state: "Valid"
2020-08-14 11:26:41.427 +00:00 [VRB] Executing action method Seamless.API.V1.Controllers.PriorityController.GetPrioritysAsync (Seamless.API.V1) with arguments (["Seamless.Domain.Queries.Priority.GetPrioritiesQuery"])
2020-08-14 11:26:42.462 +00:00 [DBG] An 'IServiceProvider' was created for internal use by Entity Framework.
2020-08-14 11:26:45.411 +00:00 [DBG] The index {'RoleId'} was not created on entity type 'ARoleClaim' as the properties are already covered by the index {'RoleId', 'ClaimId'}.
2020-08-14 11:26:45.413 +00:00 [DBG] The index {'UserId'} was not created on entity type 'AUserClaim' as the properties are already covered by the index {'UserId', 'ClaimId'}.
2020-08-14 11:26:45.413 +00:00 [DBG] The index {'UserId'} was not created on entity type 'AUserRole' as the properties are already covered by the index {'UserId', 'RoleId'}.
2020-08-14 11:26:47.891 +00:00 [WRN] The property 'Id' on entity type 'AClaim' is of type 'byte', but is set up to use a SQL Server identity column. This requires that values starting at 255 and counting down will be used for temporary key values. A temporary key value is needed for every entity inserted in a single call to 'SaveChanges'. Care must be taken that these values do not collide with real key values.
2020-08-14 11:26:47.891 +00:00 [WRN] The property 'Id' on entity type 'ARole' is of type 'byte', but is set up to use a SQL Server identity column. This requires that values starting at 255 and counting down will be used for temporary key values. A temporary key value is needed for every entity inserted in a single call to 'SaveChanges'. Care must be taken that these values do not collide with real key values.
2020-08-14 11:26:51.724 +00:00 [INF] Entity Framework Core 3.1.1 initialized 'SeamlessContext' using provider 'Microsoft.EntityFrameworkCore.SqlServer' with options: None
2020-08-14 11:26:53.997 +00:00 [DBG] queryContext => ShapedQueryCompilingExpressionVisitor.SingleAsync<int>(
    asyncEnumerable: new QueryingEnumerable<int>(
        (RelationalQueryContext)queryContext, 
        RelationalCommandCache, 
        null, 
        ReaderColumn[] { ReaderColumn<int>, }, 
        Func<QueryContext, DbDataReader, ResultContext, int[], ResultCoordinator, int>, 
        Seamless.Model.Models.SeamlessContext, 
        DiagnosticsLogger<Query>
    ), 
    cancellationToken: queryContext.CancellationToken)
2020-08-14 11:26:54.107 +00:00 [DBG] Creating DbCommand for 'ExecuteReader'.
2020-08-14 11:26:56.434 +00:00 [DBG] Created DbCommand for 'ExecuteReader' (2320ms).
2020-08-14 11:26:56.443 +00:00 [DBG] Opening connection to database 'Seamless' on server '.\SQLEXPRESS'.
2020-08-14 11:27:01.062 +00:00 [DBG] Opened connection to database 'Seamless' on server '.\SQLEXPRESS'.
2020-08-14 11:27:01.095 +00:00 [DBG] Executing DbCommand [Parameters=[], CommandType='"Text"', CommandTimeout='30']
SELECT COUNT(*)
FROM [S_Priority] AS [s]
2020-08-14 11:27:02.260 +00:00 [INF] Executed DbCommand (1,165ms) [Parameters=[], CommandType='"Text"', CommandTimeout='30']
SELECT COUNT(*)
FROM [S_Priority] AS [s]
2020-08-14 11:27:02.490 +00:00 [DBG] A data reader was disposed.
2020-08-14 11:27:02.496 +00:00 [DBG] Closing connection to database 'Seamless' on server '.\SQLEXPRESS'.
2020-08-14 11:27:02.508 +00:00 [DBG] Closed connection to database 'Seamless' on server '.\SQLEXPRESS'.
2020-08-14 11:27:02.800 +00:00 [DBG] queryContext => new QueryingEnumerable<PriorityDto>(
    (RelationalQueryContext)queryContext, 
    RelationalCommandCache, 
    null, 
    ReaderColumn[] { ReaderColumn<DateTime>, ReaderColumn<int>, ReaderColumn<int>, ReaderColumn<DateTime>, ReaderColumn<int>, ReaderColumn<object>, ReaderColumn<byte>, }, 
    Func<QueryContext, DbDataReader, ResultContext, int[], ResultCoordinator, PriorityDto>, 
    Seamless.Model.Models.SeamlessContext, 
    DiagnosticsLogger<Query>
)
2020-08-14 11:27:02.813 +00:00 [DBG] Creating DbCommand for 'ExecuteReader'.
2020-08-14 11:27:02.813 +00:00 [DBG] Created DbCommand for 'ExecuteReader' (0ms).
2020-08-14 11:27:02.819 +00:00 [DBG] Opening connection to database 'Seamless' on server '.\SQLEXPRESS'.
2020-08-14 11:27:02.820 +00:00 [DBG] Opened connection to database 'Seamless' on server '.\SQLEXPRESS'.
2020-08-14 11:27:02.827 +00:00 [DBG] Executing DbCommand [Parameters=[@__p_0='?' (DbType = Int32), @__p_1='?' (DbType = Int32)], CommandType='"Text"', CommandTimeout='30']
SELECT [s].[Created_At] AS [CreatedAt], [s].[Created_By] AS [CreatedBy], [s].[Id], [s].[Modified_At] AS [ModifiedAt], [s].[Modified_By] AS [ModifiedBy], [s].[Name], [s].[Status]
FROM [S_Priority] AS [s]
ORDER BY [s].[Name]
OFFSET @__p_0 ROWS FETCH NEXT @__p_1 ROWS ONLY
2020-08-14 11:27:03.282 +00:00 [INF] Executed DbCommand (460ms) [Parameters=[@__p_0='?' (DbType = Int32), @__p_1='?' (DbType = Int32)], CommandType='"Text"', CommandTimeout='30']
SELECT [s].[Created_At] AS [CreatedAt], [s].[Created_By] AS [CreatedBy], [s].[Id], [s].[Modified_At] AS [ModifiedAt], [s].[Modified_By] AS [ModifiedBy], [s].[Name], [s].[Status]
FROM [S_Priority] AS [s]
ORDER BY [s].[Name]
OFFSET @__p_0 ROWS FETCH NEXT @__p_1 ROWS ONLY
2020-08-14 11:27:03.311 +00:00 [DBG] A data reader was disposed.
2020-08-14 11:27:03.312 +00:00 [DBG] Closing connection to database 'Seamless' on server '.\SQLEXPRESS'.
2020-08-14 11:27:03.312 +00:00 [DBG] Closed connection to database 'Seamless' on server '.\SQLEXPRESS'.
2020-08-14 11:27:03.326 +00:00 [INF] Executed action method Seamless.API.V1.Controllers.PriorityController.GetPrioritysAsync (Seamless.API.V1), returned result Microsoft.AspNetCore.Mvc.ObjectResult in 21891.3677ms.
2020-08-14 11:27:03.328 +00:00 [VRB] Action Filter: Before executing OnActionExecuted on filter Seamless.API.Helpers.HttpResponseExceptionFilter.
2020-08-14 11:27:03.329 +00:00 [VRB] Action Filter: After executing OnActionExecuted on filter Seamless.API.Helpers.HttpResponseExceptionFilter.
2020-08-14 11:27:03.331 +00:00 [VRB] Action Filter: After executing OnActionExecutionAsync on filter Seamless.API.Helpers.SerilogMvcLoggingAttribute.
2020-08-14 11:27:03.331 +00:00 [VRB] Action Filter: Before executing OnActionExecuted on filter Microsoft.AspNetCore.Mvc.Infrastructure.ModelStateInvalidFilter.
2020-08-14 11:27:03.331 +00:00 [VRB] Action Filter: After executing OnActionExecuted on filter Microsoft.AspNetCore.Mvc.Infrastructure.ModelStateInvalidFilter.
2020-08-14 11:27:03.332 +00:00 [VRB] Action Filter: Before executing OnActionExecuted on filter Microsoft.AspNetCore.Mvc.ModelBinding.UnsupportedContentTypeFilter.
2020-08-14 11:27:03.332 +00:00 [VRB] Action Filter: After executing OnActionExecuted on filter Microsoft.AspNetCore.Mvc.ModelBinding.UnsupportedContentTypeFilter.
2020-08-14 11:27:03.334 +00:00 [VRB] Result Filter: Before executing OnResultExecuting on filter Microsoft.AspNetCore.Mvc.ViewFeatures.Filters.SaveTempDataFilter.
2020-08-14 11:27:03.334 +00:00 [VRB] Result Filter: After executing OnResultExecuting on filter Microsoft.AspNetCore.Mvc.ViewFeatures.Filters.SaveTempDataFilter.
2020-08-14 11:27:03.334 +00:00 [VRB] Result Filter: Before executing OnResultExecuting on filter Microsoft.AspNetCore.Mvc.Infrastructure.ClientErrorResultFilter.
2020-08-14 11:27:03.334 +00:00 [VRB] Result Filter: After executing OnResultExecuting on filter Microsoft.AspNetCore.Mvc.Infrastructure.ClientErrorResultFilter.
2020-08-14 11:27:03.335 +00:00 [VRB] Result Filter: Before executing OnResultExecutionAsync on filter Seamless.API.Helpers.SerilogMvcLoggingAttribute.
2020-08-14 11:27:03.336 +00:00 [VRB] Result Filter: Before executing OnResultExecuting on filter Microsoft.AspNetCore.Mvc.ProducesAttribute.
2020-08-14 11:27:03.337 +00:00 [VRB] Result Filter: After executing OnResultExecuting on filter Microsoft.AspNetCore.Mvc.ProducesAttribute.
2020-08-14 11:27:03.338 +00:00 [VRB] Before executing action result Microsoft.AspNetCore.Mvc.ObjectResult.
2020-08-14 11:27:03.340 +00:00 [DBG] List of registered output formatters, in the following order: ["Microsoft.AspNetCore.Mvc.Formatters.HttpNoContentOutputFormatter","Microsoft.AspNetCore.Mvc.Formatters.StringOutputFormatter","Microsoft.AspNetCore.Mvc.Formatters.StreamOutputFormatter","Microsoft.AspNetCore.Mvc.Formatters.SystemTextJsonOutputFormatter"]
2020-08-14 11:27:03.345 +00:00 [DBG] Attempting to select an output formatter based on Accept header '["application/json"]' and explicitly specified content types '["application/json"]'. The content types in the accept header must be a subset of the explicitly set content types.
2020-08-14 11:27:03.345 +00:00 [DBG] Selected output formatter 'Microsoft.AspNetCore.Mvc.Formatters.SystemTextJsonOutputFormatter' and content type 'application/json' to write the response.
2020-08-14 11:27:03.346 +00:00 [INF] Executing ObjectResult, writing value of type 'Seamless.Model.Dtos.PagedResults`1[[Seamless.Model.Dtos.PriorityDto, Seamless.Model, Version=1.0.0.0, Culture=neutral, PublicKeyToken=null]]'.
2020-08-14 11:27:03.801 +00:00 [VRB] After executing action result Microsoft.AspNetCore.Mvc.ObjectResult.
2020-08-14 11:27:03.802 +00:00 [VRB] Result Filter: Before executing OnResultExecuted on filter Microsoft.AspNetCore.Mvc.ProducesAttribute.
2020-08-14 11:27:03.802 +00:00 [VRB] Result Filter: After executing OnResultExecuted on filter Microsoft.AspNetCore.Mvc.ProducesAttribute.
2020-08-14 11:27:03.802 +00:00 [VRB] Result Filter: After executing OnResultExecutionAsync on filter Seamless.API.Helpers.SerilogMvcLoggingAttribute.
2020-08-14 11:27:03.802 +00:00 [VRB] Result Filter: Before executing OnResultExecuted on filter Microsoft.AspNetCore.Mvc.Infrastructure.ClientErrorResultFilter.
2020-08-14 11:27:03.803 +00:00 [VRB] Result Filter: After executing OnResultExecuted on filter Microsoft.AspNetCore.Mvc.Infrastructure.ClientErrorResultFilter.
2020-08-14 11:27:03.803 +00:00 [VRB] Result Filter: Before executing OnResultExecuted on filter Microsoft.AspNetCore.Mvc.ViewFeatures.Filters.SaveTempDataFilter.
2020-08-14 11:27:03.804 +00:00 [VRB] Result Filter: After executing OnResultExecuted on filter Microsoft.AspNetCore.Mvc.ViewFeatures.Filters.SaveTempDataFilter.
2020-08-14 11:27:03.804 +00:00 [VRB] Resource Filter: Before executing OnResourceExecuted on filter Microsoft.AspNetCore.Mvc.ConsumesAttribute.
2020-08-14 11:27:03.804 +00:00 [VRB] Resource Filter: After executing OnResourceExecuted on filter Microsoft.AspNetCore.Mvc.ConsumesAttribute.
2020-08-14 11:27:03.805 +00:00 [VRB] Resource Filter: Before executing OnResourceExecuted on filter Microsoft.AspNetCore.Mvc.ViewFeatures.Filters.SaveTempDataFilter.
2020-08-14 11:27:03.806 +00:00 [VRB] Resource Filter: After executing OnResourceExecuted on filter Microsoft.AspNetCore.Mvc.ViewFeatures.Filters.SaveTempDataFilter.
2020-08-14 11:27:03.815 +00:00 [INF] Executed action Seamless.API.V1.Controllers.PriorityController.GetPrioritysAsync (Seamless.API.V1) in 22579.0789ms
2020-08-14 11:27:03.816 +00:00 [INF] Executed endpoint 'Seamless.API.V1.Controllers.PriorityController.GetPrioritysAsync (Seamless.API.V1)'
2020-08-14 11:27:03.816 +00:00 [DBG] Response information GET /api/v1/priority 200
2020-08-14 11:27:03.817 +00:00 [INF] HTTP GET /api/v1/priority?sort=name&direction=asc&pageIndex=1&pageSize=2 responded 200 in 23345.1294 ms
2020-08-14 11:27:03.820 +00:00 [DBG] 'SeamlessContext' disposed.
2020-08-14 11:27:03.823 +00:00 [INF] Request finished in 23351.6081ms 200 application/json; charset=utf-8
2020-08-14 11:36:29.558 +00:00 [INF] Application starting up
2020-08-14 11:36:35.194 +00:00 [DBG] Hosting starting
2020-08-14 11:36:35.459 +00:00 [INF] User profile is available. Using 'C:\Users\acer\AppData\Local\ASP.NET\DataProtection-Keys' as key repository and Windows DPAPI to encrypt keys at rest.
2020-08-14 11:36:35.476 +00:00 [DBG] Reading data from file 'C:\Users\acer\AppData\Local\ASP.NET\DataProtection-Keys\key-ccc8d850-4e66-444b-aa3d-6c55d9fd9c55.xml'.
2020-08-14 11:36:37.036 +00:00 [DBG] Found key "ccc8d850-4e66-444b-aa3d-6c55d9fd9c55".
2020-08-14 11:36:37.058 +00:00 [DBG] Considering key "ccc8d850-4e66-444b-aa3d-6c55d9fd9c55" with expiration date "2020-10-14T09:31:01.0576243+00:00" as default key.
2020-08-14 11:36:37.070 +00:00 [DBG] Forwarded activator type request from Microsoft.AspNetCore.DataProtection.XmlEncryption.DpapiXmlDecryptor, Microsoft.AspNetCore.DataProtection, Version=3.1.6.0, Culture=neutral, PublicKeyToken=adb9793829ddae60 to Microsoft.AspNetCore.DataProtection.XmlEncryption.DpapiXmlDecryptor, Microsoft.AspNetCore.DataProtection, Culture=neutral, PublicKeyToken=adb9793829ddae60
2020-08-14 11:36:37.073 +00:00 [DBG] Decrypting secret element using Windows DPAPI.
2020-08-14 11:36:37.075 +00:00 [DBG] Forwarded activator type request from Microsoft.AspNetCore.DataProtection.AuthenticatedEncryption.ConfigurationModel.AuthenticatedEncryptorDescriptorDeserializer, Microsoft.AspNetCore.DataProtection, Version=3.1.6.0, Culture=neutral, PublicKeyToken=adb9793829ddae60 to Microsoft.AspNetCore.DataProtection.AuthenticatedEncryption.ConfigurationModel.AuthenticatedEncryptorDescriptorDeserializer, Microsoft.AspNetCore.DataProtection, Culture=neutral, PublicKeyToken=adb9793829ddae60
2020-08-14 11:36:37.080 +00:00 [DBG] Opening CNG algorithm 'AES' from provider 'null' with chaining mode CBC.
2020-08-14 11:36:37.084 +00:00 [DBG] Opening CNG algorithm 'SHA256' from provider 'null' with HMAC.
2020-08-14 11:36:37.088 +00:00 [DBG] Using key "ccc8d850-4e66-444b-aa3d-6c55d9fd9c55" as the default key.
2020-08-14 11:36:37.089 +00:00 [DBG] Key ring with default key "ccc8d850-4e66-444b-aa3d-6c55d9fd9c55" was loaded during application startup.
2020-08-14 11:36:47.480 +00:00 [DBG] Loaded hosting startup assembly Seamless.API
2020-08-14 11:36:47.485 +00:00 [INF] Application started. Press Ctrl+C to shut down.
2020-08-14 11:36:47.486 +00:00 [INF] Hosting environment: Development
2020-08-14 11:36:47.486 +00:00 [INF] Content root path: C:\Users\acer\Documents\Afrosoft\Projets\ASP CORE\Seamless\Seamless.API
2020-08-14 11:36:47.486 +00:00 [DBG] Hosting started
2020-08-14 11:36:47.561 +00:00 [INF] Request starting HTTP/2.0 GET https://localhost:44376/swagger/index.html  
2020-08-14 11:36:47.566 +00:00 [DBG] Wildcard detected, all requests with hosts will be allowed.
2020-08-14 11:36:47.566 +00:00 [VRB] All hosts are allowed.
2020-08-14 11:36:47.597 +00:00 [DBG] The request path /swagger/index.html does not match an existing file
2020-08-14 11:36:47.611 +00:00 [DBG] Initializing Razor view compiler with compiled view: '/Views/Features/Index.cshtml'.
2020-08-14 11:36:47.668 +00:00 [DBG] No candidates found for the request path '/swagger/index.html'
2020-08-14 11:36:47.668 +00:00 [DBG] Request did not match any endpoints
2020-08-14 11:36:47.769 +00:00 [DBG] Request information GET /swagger/index.html information
2020-08-14 11:36:47.858 +00:00 [DBG] Response information GET /swagger/index.html 200
2020-08-14 11:36:47.870 +00:00 [INF] HTTP GET /swagger/index.html responded 200 in 269.0253 ms
2020-08-14 11:36:47.878 +00:00 [INF] Request finished in 323.5892ms 200 text/html;charset=utf-8
2020-08-14 11:36:48.826 +00:00 [INF] Request starting HTTP/2.0 GET https://localhost:44376/swagger/v1/swagger.json  
2020-08-14 11:36:48.828 +00:00 [VRB] All hosts are allowed.
2020-08-14 11:36:48.831 +00:00 [DBG] The request path /swagger/v1/swagger.json does not match an existing file
2020-08-14 11:36:48.834 +00:00 [DBG] No candidates found for the request path '/swagger/v1/swagger.json'
2020-08-14 11:36:48.835 +00:00 [DBG] Request did not match any endpoints
2020-08-14 11:36:48.839 +00:00 [DBG] Request information GET /swagger/v1/swagger.json information
2020-08-14 11:36:49.264 +00:00 [DBG] Response information GET /swagger/v1/swagger.json 200
2020-08-14 11:36:49.283 +00:00 [INF] HTTP GET /swagger/v1/swagger.json responded 200 in 451.69 ms
2020-08-14 11:36:49.286 +00:00 [INF] Request finished in 460.6747ms 200 application/json;charset=utf-8
2020-08-14 11:38:40.853 +00:00 [INF] Request starting HTTP/2.0 GET https://localhost:44376/api/v1/activitylog?sort=action&direction=asc&pageIndex=1&pageSize=2  
2020-08-14 11:38:40.853 +00:00 [VRB] All hosts are allowed.
2020-08-14 11:38:40.853 +00:00 [DBG] The request path /api/v1/activitylog does not match a supported file type
2020-08-14 11:38:40.868 +00:00 [DBG] 1 candidate(s) found for the request path '/api/v1/activitylog'
2020-08-14 11:38:40.875 +00:00 [DBG] Endpoint 'Seamless.API.V1.Controllers.ActivityLogController.GetActivityLogsAsync (Seamless.API.V1)' with route pattern 'api/v1/ActivityLog' is valid for the request path '/api/v1/activitylog'
2020-08-14 11:38:40.875 +00:00 [DBG] Request matched endpoint 'Seamless.API.V1.Controllers.ActivityLogController.GetActivityLogsAsync (Seamless.API.V1)'
2020-08-14 11:38:40.879 +00:00 [DBG] Request information GET /api/v1/activitylog information
2020-08-14 11:38:40.881 +00:00 [INF] Executing endpoint 'Seamless.API.V1.Controllers.ActivityLogController.GetActivityLogsAsync (Seamless.API.V1)'
2020-08-14 11:38:40.892 +00:00 [DBG] Registered model binder providers, in the following order: ["Microsoft.AspNetCore.Mvc.ModelBinding.Binders.BinderTypeModelBinderProvider","Microsoft.AspNetCore.Mvc.ModelBinding.Binders.ServicesModelBinderProvider","Microsoft.AspNetCore.Mvc.ModelBinding.Binders.BodyModelBinderProvider","Microsoft.AspNetCore.Mvc.ModelBinding.Binders.HeaderModelBinderProvider","Microsoft.AspNetCore.Mvc.ModelBinding.Binders.FloatingPointTypeModelBinderProvider","Microsoft.AspNetCore.Mvc.ModelBinding.Binders.EnumTypeModelBinderProvider","Microsoft.AspNetCore.Mvc.ModelBinding.Binders.SimpleTypeModelBinderProvider","Microsoft.AspNetCore.Mvc.ModelBinding.Binders.CancellationTokenModelBinderProvider","Microsoft.AspNetCore.Mvc.ModelBinding.Binders.ByteArrayModelBinderProvider","Microsoft.AspNetCore.Mvc.ModelBinding.Binders.FormFileModelBinderProvider","Microsoft.AspNetCore.Mvc.ModelBinding.Binders.FormCollectionModelBinderProvider","Microsoft.AspNetCore.Mvc.ModelBinding.Binders.KeyValuePairModelBinderProvider","Microsoft.AspNetCore.Mvc.ModelBinding.Binders.DictionaryModelBinderProvider","Microsoft.AspNetCore.Mvc.ModelBinding.Binders.ArrayModelBinderProvider","Microsoft.AspNetCore.Mvc.ModelBinding.Binders.CollectionModelBinderProvider","Microsoft.AspNetCore.Mvc.ModelBinding.Binders.ComplexTypeModelBinderProvider"]
2020-08-14 11:38:40.980 +00:00 [INF] Route matched with {action = "GetActivityLogs", controller = "ActivityLog"}. Executing controller action with signature System.Threading.Tasks.Task`1[Microsoft.AspNetCore.Mvc.ActionResult`1[Seamless.Model.Dtos.PagedResults`1[Seamless.Model.Dtos.ActivityLogDto]]] GetActivityLogsAsync(Seamless.Domain.Queries.ActivityLog.GetActivityLogsQuery) on controller Seamless.API.V1.Controllers.ActivityLogController (Seamless.API.V1).
2020-08-14 11:38:40.981 +00:00 [DBG] Execution plan of authorization filters (in the following order): ["None"]
2020-08-14 11:38:40.981 +00:00 [DBG] Execution plan of resource filters (in the following order): ["Microsoft.AspNetCore.Mvc.ViewFeatures.Filters.SaveTempDataFilter","Microsoft.AspNetCore.Mvc.ConsumesAttribute"]
2020-08-14 11:38:40.982 +00:00 [DBG] Execution plan of action filters (in the following order): ["Microsoft.AspNetCore.Mvc.ModelBinding.UnsupportedContentTypeFilter (Order: -3000)","Microsoft.AspNetCore.Mvc.Infrastructure.ModelStateInvalidFilter (Order: -2000)","Seamless.API.Helpers.SerilogMvcLoggingAttribute (Order: 0)","Seamless.API.Helpers.HttpResponseExceptionFilter (Order: 2147483637)"]
2020-08-14 11:38:40.982 +00:00 [DBG] Execution plan of exception filters (in the following order): ["None"]
2020-08-14 11:38:40.982 +00:00 [DBG] Execution plan of result filters (in the following order): ["Microsoft.AspNetCore.Mvc.ViewFeatures.Filters.SaveTempDataFilter","Microsoft.AspNetCore.Mvc.Infrastructure.ClientErrorResultFilter (Order: -2000)","Seamless.API.Helpers.SerilogMvcLoggingAttribute (Order: 0)","Microsoft.AspNetCore.Mvc.ProducesAttribute (Order: 0)"]
2020-08-14 11:38:40.983 +00:00 [VRB] Resource Filter: Before executing OnResourceExecuting on filter Microsoft.AspNetCore.Mvc.ViewFeatures.Filters.SaveTempDataFilter.
2020-08-14 11:38:40.984 +00:00 [VRB] Resource Filter: After executing OnResourceExecuting on filter Microsoft.AspNetCore.Mvc.ViewFeatures.Filters.SaveTempDataFilter.
2020-08-14 11:38:40.984 +00:00 [VRB] Resource Filter: Before executing OnResourceExecuting on filter Microsoft.AspNetCore.Mvc.ConsumesAttribute.
2020-08-14 11:38:40.984 +00:00 [VRB] Resource Filter: After executing OnResourceExecuting on filter Microsoft.AspNetCore.Mvc.ConsumesAttribute.
2020-08-14 11:38:40.985 +00:00 [DBG] Executing controller factory for controller Seamless.API.V1.Controllers.ActivityLogController (Seamless.API.V1)
2020-08-14 11:38:40.986 +00:00 [DBG] Executed controller factory for controller Seamless.API.V1.Controllers.ActivityLogController (Seamless.API.V1)
2020-08-14 11:38:40.993 +00:00 [DBG] Attempting to bind parameter 'query' of type 'Seamless.Domain.Queries.ActivityLog.GetActivityLogsQuery' ...
2020-08-14 11:38:40.997 +00:00 [DBG] Attempting to bind parameter 'query' of type 'Seamless.Domain.Queries.ActivityLog.GetActivityLogsQuery' using the name '' in request data ...
2020-08-14 11:38:41.002 +00:00 [DBG] Could not find a value in the request with name 'Search' for binding property 'Seamless.Domain.Queries.ActivityLog.GetActivityLogsQuery.Search' of type 'System.String'.
2020-08-14 11:38:41.002 +00:00 [DBG] Done attempting to bind property 'Seamless.Domain.Queries.ActivityLog.GetActivityLogsQuery.Search' of type 'System.String'.
2020-08-14 11:38:41.006 +00:00 [DBG] Attempting to bind property 'Seamless.Domain.Queries.ActivityLog.GetActivityLogsQuery.Sort' of type 'System.String' using the name 'Sort' in request data ...
2020-08-14 11:38:41.006 +00:00 [DBG] Done attempting to bind property 'Seamless.Domain.Queries.ActivityLog.GetActivityLogsQuery.Sort' of type 'System.String'.
2020-08-14 11:38:41.007 +00:00 [DBG] Attempting to bind property 'Seamless.Domain.Queries.ActivityLog.GetActivityLogsQuery.Direction' of type 'System.String' using the name 'Direction' in request data ...
2020-08-14 11:38:41.007 +00:00 [DBG] Done attempting to bind property 'Seamless.Domain.Queries.ActivityLog.GetActivityLogsQuery.Direction' of type 'System.String'.
2020-08-14 11:38:41.007 +00:00 [DBG] Attempting to bind property 'Seamless.Domain.Queries.ActivityLog.GetActivityLogsQuery.PageIndex' of type 'System.Int32' using the name 'PageIndex' in request data ...
2020-08-14 11:38:41.017 +00:00 [DBG] Done attempting to bind property 'Seamless.Domain.Queries.ActivityLog.GetActivityLogsQuery.PageIndex' of type 'System.Int32'.
2020-08-14 11:38:41.017 +00:00 [DBG] Attempting to bind property 'Seamless.Domain.Queries.ActivityLog.GetActivityLogsQuery.PageSize' of type 'System.Int32' using the name 'PageSize' in request data ...
2020-08-14 11:38:41.017 +00:00 [DBG] Done attempting to bind property 'Seamless.Domain.Queries.ActivityLog.GetActivityLogsQuery.PageSize' of type 'System.Int32'.
2020-08-14 11:38:41.018 +00:00 [DBG] Could not find a value in the request with name 'UserId' for binding property 'Seamless.Domain.Queries.ActivityLog.GetActivityLogsQuery.UserId' of type 'System.Int32'.
2020-08-14 11:38:41.018 +00:00 [DBG] Done attempting to bind property 'Seamless.Domain.Queries.ActivityLog.GetActivityLogsQuery.UserId' of type 'System.Int32'.
2020-08-14 11:38:41.018 +00:00 [DBG] Done attempting to bind parameter 'query' of type 'Seamless.Domain.Queries.ActivityLog.GetActivityLogsQuery'.
2020-08-14 11:38:41.018 +00:00 [DBG] Done attempting to bind parameter 'query' of type 'Seamless.Domain.Queries.ActivityLog.GetActivityLogsQuery'.
2020-08-14 11:38:41.018 +00:00 [DBG] Attempting to validate the bound parameter 'query' of type 'Seamless.Domain.Queries.ActivityLog.GetActivityLogsQuery' ...
2020-08-14 11:38:41.041 +00:00 [DBG] Done attempting to validate the bound parameter 'query' of type 'Seamless.Domain.Queries.ActivityLog.GetActivityLogsQuery'.
2020-08-14 11:38:41.041 +00:00 [VRB] Action Filter: Before executing OnActionExecuting on filter Microsoft.AspNetCore.Mvc.ModelBinding.UnsupportedContentTypeFilter.
2020-08-14 11:38:41.041 +00:00 [VRB] Action Filter: After executing OnActionExecuting on filter Microsoft.AspNetCore.Mvc.ModelBinding.UnsupportedContentTypeFilter.
2020-08-14 11:38:41.041 +00:00 [VRB] Action Filter: Before executing OnActionExecuting on filter Microsoft.AspNetCore.Mvc.Infrastructure.ModelStateInvalidFilter.
2020-08-14 11:38:41.041 +00:00 [VRB] Action Filter: After executing OnActionExecuting on filter Microsoft.AspNetCore.Mvc.Infrastructure.ModelStateInvalidFilter.
2020-08-14 11:38:41.042 +00:00 [VRB] Action Filter: Before executing OnActionExecutionAsync on filter Seamless.API.Helpers.SerilogMvcLoggingAttribute.
2020-08-14 11:38:41.043 +00:00 [VRB] Action Filter: Before executing OnActionExecuting on filter Seamless.API.Helpers.HttpResponseExceptionFilter.
2020-08-14 11:38:41.044 +00:00 [VRB] Action Filter: After executing OnActionExecuting on filter Seamless.API.Helpers.HttpResponseExceptionFilter.
2020-08-14 11:38:41.051 +00:00 [INF] Executing action method Seamless.API.V1.Controllers.ActivityLogController.GetActivityLogsAsync (Seamless.API.V1) - Validation state: "Valid"
2020-08-14 11:38:41.051 +00:00 [VRB] Executing action method Seamless.API.V1.Controllers.ActivityLogController.GetActivityLogsAsync (Seamless.API.V1) with arguments (["Seamless.Domain.Queries.ActivityLog.GetActivityLogsQuery"])
2020-08-14 11:38:41.503 +00:00 [DBG] An 'IServiceProvider' was created for internal use by Entity Framework.
2020-08-14 11:38:42.851 +00:00 [DBG] The index {'RoleId'} was not created on entity type 'ARoleClaim' as the properties are already covered by the index {'RoleId', 'ClaimId'}.
2020-08-14 11:38:42.852 +00:00 [DBG] The index {'UserId'} was not created on entity type 'AUserClaim' as the properties are already covered by the index {'UserId', 'ClaimId'}.
2020-08-14 11:38:42.852 +00:00 [DBG] The index {'UserId'} was not created on entity type 'AUserRole' as the properties are already covered by the index {'UserId', 'RoleId'}.
2020-08-14 11:38:43.038 +00:00 [WRN] The property 'Id' on entity type 'AClaim' is of type 'byte', but is set up to use a SQL Server identity column. This requires that values starting at 255 and counting down will be used for temporary key values. A temporary key value is needed for every entity inserted in a single call to 'SaveChanges'. Care must be taken that these values do not collide with real key values.
2020-08-14 11:38:43.038 +00:00 [WRN] The property 'Id' on entity type 'ARole' is of type 'byte', but is set up to use a SQL Server identity column. This requires that values starting at 255 and counting down will be used for temporary key values. A temporary key value is needed for every entity inserted in a single call to 'SaveChanges'. Care must be taken that these values do not collide with real key values.
2020-08-14 11:38:43.136 +00:00 [INF] Entity Framework Core 3.1.1 initialized 'SeamlessContext' using provider 'Microsoft.EntityFrameworkCore.SqlServer' with options: None
2020-08-14 11:38:43.458 +00:00 [DBG] queryContext => ShapedQueryCompilingExpressionVisitor.SingleAsync<int>(
    asyncEnumerable: new QueryingEnumerable<int>(
        (RelationalQueryContext)queryContext, 
        RelationalCommandCache, 
        null, 
        ReaderColumn[] { ReaderColumn<int>, }, 
        Func<QueryContext, DbDataReader, ResultContext, int[], ResultCoordinator, int>, 
        Seamless.Model.Models.SeamlessContext, 
        DiagnosticsLogger<Query>
    ), 
    cancellationToken: queryContext.CancellationToken)
2020-08-14 11:38:43.557 +00:00 [DBG] Creating DbCommand for 'ExecuteReader'.
2020-08-14 11:38:43.985 +00:00 [DBG] Created DbCommand for 'ExecuteReader' (421ms).
2020-08-14 11:38:43.994 +00:00 [DBG] Opening connection to database 'Seamless' on server '.\SQLEXPRESS'.
2020-08-14 11:38:44.893 +00:00 [DBG] Opened connection to database 'Seamless' on server '.\SQLEXPRESS'.
2020-08-14 11:38:44.920 +00:00 [DBG] Executing DbCommand [Parameters=[], CommandType='"Text"', CommandTimeout='30']
SELECT COUNT(*)
FROM [S_ActivityLog] AS [s]
2020-08-14 11:38:45.177 +00:00 [INF] Executed DbCommand (271ms) [Parameters=[], CommandType='"Text"', CommandTimeout='30']
SELECT COUNT(*)
FROM [S_ActivityLog] AS [s]
2020-08-14 11:38:45.247 +00:00 [DBG] A data reader was disposed.
2020-08-14 11:38:45.253 +00:00 [DBG] Closing connection to database 'Seamless' on server '.\SQLEXPRESS'.
2020-08-14 11:38:45.267 +00:00 [DBG] Closed connection to database 'Seamless' on server '.\SQLEXPRESS'.
2020-08-14 11:38:45.326 +00:00 [DBG] queryContext => new QueryingEnumerable<ActivityLogDto>(
    (RelationalQueryContext)queryContext, 
    RelationalCommandCache, 
    null, 
    ReaderColumn[] { ReaderColumn<object>, ReaderColumn<DateTime>, ReaderColumn<int>, ReaderColumn<long>, ReaderColumn<object>, ReaderColumn<DateTime>, ReaderColumn<int>, ReaderColumn<byte>, ReaderColumn<long>, }, 
    Func<QueryContext, DbDataReader, ResultContext, int[], ResultCoordinator, ActivityLogDto>, 
    Seamless.Model.Models.SeamlessContext, 
    DiagnosticsLogger<Query>
)
2020-08-14 11:38:45.338 +00:00 [DBG] Creating DbCommand for 'ExecuteReader'.
2020-08-14 11:38:45.338 +00:00 [DBG] Created DbCommand for 'ExecuteReader' (0ms).
2020-08-14 11:38:45.344 +00:00 [DBG] Opening connection to database 'Seamless' on server '.\SQLEXPRESS'.
2020-08-14 11:38:45.345 +00:00 [DBG] Opened connection to database 'Seamless' on server '.\SQLEXPRESS'.
2020-08-14 11:38:45.352 +00:00 [DBG] Executing DbCommand [Parameters=[@__p_0='?' (DbType = Int32), @__p_1='?' (DbType = Int32)], CommandType='"Text"', CommandTimeout='30']
SELECT [s].[Action], [s].[Created_At] AS [CreatedAt], [s].[Created_By] AS [CreatedBy], [s].[Id], [s].[Libelle], [s].[Modified_At] AS [ModifiedAt], [s].[Modified_By] AS [ModifiedBy], [s].[Status], [s].[UserId]
FROM [S_ActivityLog] AS [s]
ORDER BY [s].[Action]
OFFSET @__p_0 ROWS FETCH NEXT @__p_1 ROWS ONLY
2020-08-14 11:38:45.496 +00:00 [INF] Executed DbCommand (150ms) [Parameters=[@__p_0='?' (DbType = Int32), @__p_1='?' (DbType = Int32)], CommandType='"Text"', CommandTimeout='30']
SELECT [s].[Action], [s].[Created_At] AS [CreatedAt], [s].[Created_By] AS [CreatedBy], [s].[Id], [s].[Libelle], [s].[Modified_At] AS [ModifiedAt], [s].[Modified_By] AS [ModifiedBy], [s].[Status], [s].[UserId]
FROM [S_ActivityLog] AS [s]
ORDER BY [s].[Action]
OFFSET @__p_0 ROWS FETCH NEXT @__p_1 ROWS ONLY
2020-08-14 11:38:45.513 +00:00 [DBG] A data reader was disposed.
2020-08-14 11:38:45.514 +00:00 [DBG] Closing connection to database 'Seamless' on server '.\SQLEXPRESS'.
2020-08-14 11:38:45.514 +00:00 [DBG] Closed connection to database 'Seamless' on server '.\SQLEXPRESS'.
2020-08-14 11:38:45.530 +00:00 [INF] Executed action method Seamless.API.V1.Controllers.ActivityLogController.GetActivityLogsAsync (Seamless.API.V1), returned result Microsoft.AspNetCore.Mvc.ObjectResult in 4471.5477ms.
2020-08-14 11:38:45.531 +00:00 [VRB] Action Filter: Before executing OnActionExecuted on filter Seamless.API.Helpers.HttpResponseExceptionFilter.
2020-08-14 11:38:45.532 +00:00 [VRB] Action Filter: After executing OnActionExecuted on filter Seamless.API.Helpers.HttpResponseExceptionFilter.
2020-08-14 11:38:45.533 +00:00 [VRB] Action Filter: After executing OnActionExecutionAsync on filter Seamless.API.Helpers.SerilogMvcLoggingAttribute.
2020-08-14 11:38:45.533 +00:00 [VRB] Action Filter: Before executing OnActionExecuted on filter Microsoft.AspNetCore.Mvc.Infrastructure.ModelStateInvalidFilter.
2020-08-14 11:38:45.534 +00:00 [VRB] Action Filter: After executing OnActionExecuted on filter Microsoft.AspNetCore.Mvc.Infrastructure.ModelStateInvalidFilter.
2020-08-14 11:38:45.535 +00:00 [VRB] Action Filter: Before executing OnActionExecuted on filter Microsoft.AspNetCore.Mvc.ModelBinding.UnsupportedContentTypeFilter.
2020-08-14 11:38:45.535 +00:00 [VRB] Action Filter: After executing OnActionExecuted on filter Microsoft.AspNetCore.Mvc.ModelBinding.UnsupportedContentTypeFilter.
2020-08-14 11:38:45.536 +00:00 [VRB] Result Filter: Before executing OnResultExecuting on filter Microsoft.AspNetCore.Mvc.ViewFeatures.Filters.SaveTempDataFilter.
2020-08-14 11:38:45.536 +00:00 [VRB] Result Filter: After executing OnResultExecuting on filter Microsoft.AspNetCore.Mvc.ViewFeatures.Filters.SaveTempDataFilter.
2020-08-14 11:38:45.536 +00:00 [VRB] Result Filter: Before executing OnResultExecuting on filter Microsoft.AspNetCore.Mvc.Infrastructure.ClientErrorResultFilter.
2020-08-14 11:38:45.536 +00:00 [VRB] Result Filter: After executing OnResultExecuting on filter Microsoft.AspNetCore.Mvc.Infrastructure.ClientErrorResultFilter.
2020-08-14 11:38:45.536 +00:00 [VRB] Result Filter: Before executing OnResultExecutionAsync on filter Seamless.API.Helpers.SerilogMvcLoggingAttribute.
2020-08-14 11:38:45.538 +00:00 [VRB] Result Filter: Before executing OnResultExecuting on filter Microsoft.AspNetCore.Mvc.ProducesAttribute.
2020-08-14 11:38:45.538 +00:00 [VRB] Result Filter: After executing OnResultExecuting on filter Microsoft.AspNetCore.Mvc.ProducesAttribute.
2020-08-14 11:38:45.539 +00:00 [VRB] Before executing action result Microsoft.AspNetCore.Mvc.ObjectResult.
2020-08-14 11:38:45.541 +00:00 [DBG] List of registered output formatters, in the following order: ["Microsoft.AspNetCore.Mvc.Formatters.HttpNoContentOutputFormatter","Microsoft.AspNetCore.Mvc.Formatters.StringOutputFormatter","Microsoft.AspNetCore.Mvc.Formatters.StreamOutputFormatter","Microsoft.AspNetCore.Mvc.Formatters.SystemTextJsonOutputFormatter"]
2020-08-14 11:38:45.545 +00:00 [DBG] Attempting to select an output formatter based on Accept header '["application/json"]' and explicitly specified content types '["application/json"]'. The content types in the accept header must be a subset of the explicitly set content types.
2020-08-14 11:38:45.546 +00:00 [DBG] Selected output formatter 'Microsoft.AspNetCore.Mvc.Formatters.SystemTextJsonOutputFormatter' and content type 'application/json' to write the response.
2020-08-14 11:38:45.546 +00:00 [INF] Executing ObjectResult, writing value of type 'Seamless.Model.Dtos.PagedResults`1[[Seamless.Model.Dtos.ActivityLogDto, Seamless.Model, Version=1.0.0.0, Culture=neutral, PublicKeyToken=null]]'.
2020-08-14 11:38:45.558 +00:00 [VRB] After executing action result Microsoft.AspNetCore.Mvc.ObjectResult.
2020-08-14 11:38:45.558 +00:00 [VRB] Result Filter: Before executing OnResultExecuted on filter Microsoft.AspNetCore.Mvc.ProducesAttribute.
2020-08-14 11:38:45.558 +00:00 [VRB] Result Filter: After executing OnResultExecuted on filter Microsoft.AspNetCore.Mvc.ProducesAttribute.
2020-08-14 11:38:45.558 +00:00 [VRB] Result Filter: After executing OnResultExecutionAsync on filter Seamless.API.Helpers.SerilogMvcLoggingAttribute.
2020-08-14 11:38:45.559 +00:00 [VRB] Result Filter: Before executing OnResultExecuted on filter Microsoft.AspNetCore.Mvc.Infrastructure.ClientErrorResultFilter.
2020-08-14 11:38:45.559 +00:00 [VRB] Result Filter: After executing OnResultExecuted on filter Microsoft.AspNetCore.Mvc.Infrastructure.ClientErrorResultFilter.
2020-08-14 11:38:45.559 +00:00 [VRB] Result Filter: Before executing OnResultExecuted on filter Microsoft.AspNetCore.Mvc.ViewFeatures.Filters.SaveTempDataFilter.
2020-08-14 11:38:45.559 +00:00 [VRB] Result Filter: After executing OnResultExecuted on filter Microsoft.AspNetCore.Mvc.ViewFeatures.Filters.SaveTempDataFilter.
2020-08-14 11:38:45.560 +00:00 [VRB] Resource Filter: Before executing OnResourceExecuted on filter Microsoft.AspNetCore.Mvc.ConsumesAttribute.
2020-08-14 11:38:45.560 +00:00 [VRB] Resource Filter: After executing OnResourceExecuted on filter Microsoft.AspNetCore.Mvc.ConsumesAttribute.
2020-08-14 11:38:45.561 +00:00 [VRB] Resource Filter: Before executing OnResourceExecuted on filter Microsoft.AspNetCore.Mvc.ViewFeatures.Filters.SaveTempDataFilter.
2020-08-14 11:38:45.561 +00:00 [VRB] Resource Filter: After executing OnResourceExecuted on filter Microsoft.AspNetCore.Mvc.ViewFeatures.Filters.SaveTempDataFilter.
2020-08-14 11:38:45.568 +00:00 [INF] Executed action Seamless.API.V1.Controllers.ActivityLogController.GetActivityLogsAsync (Seamless.API.V1) in 4579.6127ms
2020-08-14 11:38:45.569 +00:00 [INF] Executed endpoint 'Seamless.API.V1.Controllers.ActivityLogController.GetActivityLogsAsync (Seamless.API.V1)'
2020-08-14 11:38:45.570 +00:00 [DBG] Response information GET /api/v1/activitylog 200
2020-08-14 11:38:45.570 +00:00 [INF] HTTP GET /api/v1/activitylog?sort=action&direction=asc&pageIndex=1&pageSize=2 responded 200 in 4716.8842 ms
2020-08-14 11:38:45.573 +00:00 [DBG] 'SeamlessContext' disposed.
2020-08-14 11:38:45.575 +00:00 [INF] Request finished in 4722.9942ms 200 application/json; charset=utf-8
2020-08-14 11:39:29.933 +00:00 [INF] Request starting HTTP/2.0 GET https://localhost:44376/api/v1/priority?sort=name&direction=asc&pageIndex=1&pageSize=2  
2020-08-14 11:39:29.934 +00:00 [VRB] All hosts are allowed.
2020-08-14 11:39:29.934 +00:00 [DBG] The request path /api/v1/priority does not match a supported file type
2020-08-14 11:39:29.940 +00:00 [DBG] 1 candidate(s) found for the request path '/api/v1/priority'
2020-08-14 11:39:29.941 +00:00 [DBG] Endpoint 'Seamless.API.V1.Controllers.PriorityController.GetPrioritysAsync (Seamless.API.V1)' with route pattern 'api/v1/Priority' is valid for the request path '/api/v1/priority'
2020-08-14 11:39:29.942 +00:00 [DBG] Request matched endpoint 'Seamless.API.V1.Controllers.PriorityController.GetPrioritysAsync (Seamless.API.V1)'
2020-08-14 11:39:29.943 +00:00 [DBG] Request information GET /api/v1/priority information
2020-08-14 11:39:29.944 +00:00 [INF] Executing endpoint 'Seamless.API.V1.Controllers.PriorityController.GetPrioritysAsync (Seamless.API.V1)'
2020-08-14 11:39:29.969 +00:00 [INF] Route matched with {action = "GetPrioritys", controller = "Priority"}. Executing controller action with signature System.Threading.Tasks.Task`1[Microsoft.AspNetCore.Mvc.ActionResult`1[Seamless.Model.Dtos.PagedResults`1[Seamless.Model.Dtos.PriorityDto]]] GetPrioritysAsync(Seamless.Domain.Queries.Priority.GetPrioritiesQuery) on controller Seamless.API.V1.Controllers.PriorityController (Seamless.API.V1).
2020-08-14 11:39:29.969 +00:00 [DBG] Execution plan of authorization filters (in the following order): ["None"]
2020-08-14 11:39:29.970 +00:00 [DBG] Execution plan of resource filters (in the following order): ["Microsoft.AspNetCore.Mvc.ViewFeatures.Filters.SaveTempDataFilter","Microsoft.AspNetCore.Mvc.ConsumesAttribute"]
2020-08-14 11:39:29.971 +00:00 [DBG] Execution plan of action filters (in the following order): ["Microsoft.AspNetCore.Mvc.ModelBinding.UnsupportedContentTypeFilter (Order: -3000)","Microsoft.AspNetCore.Mvc.Infrastructure.ModelStateInvalidFilter (Order: -2000)","Seamless.API.Helpers.SerilogMvcLoggingAttribute (Order: 0)","Seamless.API.Helpers.HttpResponseExceptionFilter (Order: 2147483637)"]
2020-08-14 11:39:29.971 +00:00 [DBG] Execution plan of exception filters (in the following order): ["None"]
2020-08-14 11:39:29.972 +00:00 [DBG] Execution plan of result filters (in the following order): ["Microsoft.AspNetCore.Mvc.ViewFeatures.Filters.SaveTempDataFilter","Microsoft.AspNetCore.Mvc.Infrastructure.ClientErrorResultFilter (Order: -2000)","Seamless.API.Helpers.SerilogMvcLoggingAttribute (Order: 0)","Microsoft.AspNetCore.Mvc.ProducesAttribute (Order: 0)"]
2020-08-14 11:39:29.972 +00:00 [VRB] Resource Filter: Before executing OnResourceExecuting on filter Microsoft.AspNetCore.Mvc.ViewFeatures.Filters.SaveTempDataFilter.
2020-08-14 11:39:29.973 +00:00 [VRB] Resource Filter: After executing OnResourceExecuting on filter Microsoft.AspNetCore.Mvc.ViewFeatures.Filters.SaveTempDataFilter.
2020-08-14 11:39:29.973 +00:00 [VRB] Resource Filter: Before executing OnResourceExecuting on filter Microsoft.AspNetCore.Mvc.ConsumesAttribute.
2020-08-14 11:39:29.973 +00:00 [VRB] Resource Filter: After executing OnResourceExecuting on filter Microsoft.AspNetCore.Mvc.ConsumesAttribute.
2020-08-14 11:39:29.974 +00:00 [DBG] Executing controller factory for controller Seamless.API.V1.Controllers.PriorityController (Seamless.API.V1)
2020-08-14 11:39:29.980 +00:00 [DBG] Executed controller factory for controller Seamless.API.V1.Controllers.PriorityController (Seamless.API.V1)
2020-08-14 11:39:29.981 +00:00 [DBG] Attempting to bind parameter 'query' of type 'Seamless.Domain.Queries.Priority.GetPrioritiesQuery' ...
2020-08-14 11:39:29.982 +00:00 [DBG] Attempting to bind parameter 'query' of type 'Seamless.Domain.Queries.Priority.GetPrioritiesQuery' using the name '' in request data ...
2020-08-14 11:39:29.983 +00:00 [DBG] Could not find a value in the request with name 'Search' for binding property 'Seamless.Domain.Queries.Priority.GetPrioritiesQuery.Search' of type 'System.String'.
2020-08-14 11:39:29.983 +00:00 [DBG] Done attempting to bind property 'Seamless.Domain.Queries.Priority.GetPrioritiesQuery.Search' of type 'System.String'.
2020-08-14 11:39:29.984 +00:00 [DBG] Attempting to bind property 'Seamless.Domain.Queries.Priority.GetPrioritiesQuery.Sort' of type 'System.String' using the name 'Sort' in request data ...
2020-08-14 11:39:29.984 +00:00 [DBG] Done attempting to bind property 'Seamless.Domain.Queries.Priority.GetPrioritiesQuery.Sort' of type 'System.String'.
2020-08-14 11:39:29.984 +00:00 [DBG] Attempting to bind property 'Seamless.Domain.Queries.Priority.GetPrioritiesQuery.Direction' of type 'System.String' using the name 'Direction' in request data ...
2020-08-14 11:39:29.984 +00:00 [DBG] Done attempting to bind property 'Seamless.Domain.Queries.Priority.GetPrioritiesQuery.Direction' of type 'System.String'.
2020-08-14 11:39:29.984 +00:00 [DBG] Attempting to bind property 'Seamless.Domain.Queries.Priority.GetPrioritiesQuery.PageIndex' of type 'System.Int32' using the name 'PageIndex' in request data ...
2020-08-14 11:39:29.985 +00:00 [DBG] Done attempting to bind property 'Seamless.Domain.Queries.Priority.GetPrioritiesQuery.PageIndex' of type 'System.Int32'.
2020-08-14 11:39:29.985 +00:00 [DBG] Attempting to bind property 'Seamless.Domain.Queries.Priority.GetPrioritiesQuery.PageSize' of type 'System.Int32' using the name 'PageSize' in request data ...
2020-08-14 11:39:29.985 +00:00 [DBG] Done attempting to bind property 'Seamless.Domain.Queries.Priority.GetPrioritiesQuery.PageSize' of type 'System.Int32'.
2020-08-14 11:39:29.985 +00:00 [DBG] Could not find a value in the request with name 'UserId' for binding property 'Seamless.Domain.Queries.Priority.GetPrioritiesQuery.UserId' of type 'System.Int32'.
2020-08-14 11:39:29.986 +00:00 [DBG] Done attempting to bind property 'Seamless.Domain.Queries.Priority.GetPrioritiesQuery.UserId' of type 'System.Int32'.
2020-08-14 11:39:29.986 +00:00 [DBG] Done attempting to bind parameter 'query' of type 'Seamless.Domain.Queries.Priority.GetPrioritiesQuery'.
2020-08-14 11:39:29.986 +00:00 [DBG] Done attempting to bind parameter 'query' of type 'Seamless.Domain.Queries.Priority.GetPrioritiesQuery'.
2020-08-14 11:39:29.986 +00:00 [DBG] Attempting to validate the bound parameter 'query' of type 'Seamless.Domain.Queries.Priority.GetPrioritiesQuery' ...
2020-08-14 11:39:29.988 +00:00 [DBG] Done attempting to validate the bound parameter 'query' of type 'Seamless.Domain.Queries.Priority.GetPrioritiesQuery'.
2020-08-14 11:39:29.988 +00:00 [VRB] Action Filter: Before executing OnActionExecuting on filter Microsoft.AspNetCore.Mvc.ModelBinding.UnsupportedContentTypeFilter.
2020-08-14 11:39:29.988 +00:00 [VRB] Action Filter: After executing OnActionExecuting on filter Microsoft.AspNetCore.Mvc.ModelBinding.UnsupportedContentTypeFilter.
2020-08-14 11:39:29.988 +00:00 [VRB] Action Filter: Before executing OnActionExecuting on filter Microsoft.AspNetCore.Mvc.Infrastructure.ModelStateInvalidFilter.
2020-08-14 11:39:29.989 +00:00 [VRB] Action Filter: After executing OnActionExecuting on filter Microsoft.AspNetCore.Mvc.Infrastructure.ModelStateInvalidFilter.
2020-08-14 11:39:29.989 +00:00 [VRB] Action Filter: Before executing OnActionExecutionAsync on filter Seamless.API.Helpers.SerilogMvcLoggingAttribute.
2020-08-14 11:39:29.989 +00:00 [VRB] Action Filter: Before executing OnActionExecuting on filter Seamless.API.Helpers.HttpResponseExceptionFilter.
2020-08-14 11:39:29.989 +00:00 [VRB] Action Filter: After executing OnActionExecuting on filter Seamless.API.Helpers.HttpResponseExceptionFilter.
2020-08-14 11:39:29.989 +00:00 [INF] Executing action method Seamless.API.V1.Controllers.PriorityController.GetPrioritysAsync (Seamless.API.V1) - Validation state: "Valid"
2020-08-14 11:39:29.990 +00:00 [VRB] Executing action method Seamless.API.V1.Controllers.PriorityController.GetPrioritysAsync (Seamless.API.V1) with arguments (["Seamless.Domain.Queries.Priority.GetPrioritiesQuery"])
2020-08-14 11:39:30.154 +00:00 [INF] Entity Framework Core 3.1.1 initialized 'SeamlessContext' using provider 'Microsoft.EntityFrameworkCore.SqlServer' with options: None
2020-08-14 11:39:30.178 +00:00 [DBG] queryContext => ShapedQueryCompilingExpressionVisitor.SingleAsync<int>(
    asyncEnumerable: new QueryingEnumerable<int>(
        (RelationalQueryContext)queryContext, 
        RelationalCommandCache, 
        null, 
        ReaderColumn[] { ReaderColumn<int>, }, 
        Func<QueryContext, DbDataReader, ResultContext, int[], ResultCoordinator, int>, 
        Seamless.Model.Models.SeamlessContext, 
        DiagnosticsLogger<Query>
    ), 
    cancellationToken: queryContext.CancellationToken)
2020-08-14 11:39:30.184 +00:00 [DBG] Creating DbCommand for 'ExecuteReader'.
2020-08-14 11:39:30.184 +00:00 [DBG] Created DbCommand for 'ExecuteReader' (0ms).
2020-08-14 11:39:30.185 +00:00 [DBG] Opening connection to database 'Seamless' on server '.\SQLEXPRESS'.
2020-08-14 11:39:30.185 +00:00 [DBG] Opened connection to database 'Seamless' on server '.\SQLEXPRESS'.
2020-08-14 11:39:30.186 +00:00 [DBG] Executing DbCommand [Parameters=[], CommandType='"Text"', CommandTimeout='30']
SELECT COUNT(*)
FROM [S_Priority] AS [s]
2020-08-14 11:39:30.199 +00:00 [INF] Executed DbCommand (13ms) [Parameters=[], CommandType='"Text"', CommandTimeout='30']
SELECT COUNT(*)
FROM [S_Priority] AS [s]
2020-08-14 11:39:30.200 +00:00 [DBG] A data reader was disposed.
2020-08-14 11:39:30.200 +00:00 [DBG] Closing connection to database 'Seamless' on server '.\SQLEXPRESS'.
2020-08-14 11:39:30.200 +00:00 [DBG] Closed connection to database 'Seamless' on server '.\SQLEXPRESS'.
2020-08-14 11:39:30.207 +00:00 [DBG] queryContext => new QueryingEnumerable<PriorityDto>(
    (RelationalQueryContext)queryContext, 
    RelationalCommandCache, 
    null, 
    ReaderColumn[] { ReaderColumn<DateTime>, ReaderColumn<int>, ReaderColumn<int>, ReaderColumn<DateTime>, ReaderColumn<int>, ReaderColumn<object>, ReaderColumn<byte>, }, 
    Func<QueryContext, DbDataReader, ResultContext, int[], ResultCoordinator, PriorityDto>, 
    Seamless.Model.Models.SeamlessContext, 
    DiagnosticsLogger<Query>
)
2020-08-14 11:39:30.208 +00:00 [DBG] Creating DbCommand for 'ExecuteReader'.
2020-08-14 11:39:30.208 +00:00 [DBG] Created DbCommand for 'ExecuteReader' (0ms).
2020-08-14 11:39:30.208 +00:00 [DBG] Opening connection to database 'Seamless' on server '.\SQLEXPRESS'.
2020-08-14 11:39:30.208 +00:00 [DBG] Opened connection to database 'Seamless' on server '.\SQLEXPRESS'.
2020-08-14 11:39:30.209 +00:00 [DBG] Executing DbCommand [Parameters=[@__p_0='?' (DbType = Int32), @__p_1='?' (DbType = Int32)], CommandType='"Text"', CommandTimeout='30']
SELECT [s].[Created_At] AS [CreatedAt], [s].[Created_By] AS [CreatedBy], [s].[Id], [s].[Modified_At] AS [ModifiedAt], [s].[Modified_By] AS [ModifiedBy], [s].[Name], [s].[Status]
FROM [S_Priority] AS [s]
ORDER BY [s].[Name]
OFFSET @__p_0 ROWS FETCH NEXT @__p_1 ROWS ONLY
2020-08-14 11:39:30.211 +00:00 [INF] Executed DbCommand (3ms) [Parameters=[@__p_0='?' (DbType = Int32), @__p_1='?' (DbType = Int32)], CommandType='"Text"', CommandTimeout='30']
SELECT [s].[Created_At] AS [CreatedAt], [s].[Created_By] AS [CreatedBy], [s].[Id], [s].[Modified_At] AS [ModifiedAt], [s].[Modified_By] AS [ModifiedBy], [s].[Name], [s].[Status]
FROM [S_Priority] AS [s]
ORDER BY [s].[Name]
OFFSET @__p_0 ROWS FETCH NEXT @__p_1 ROWS ONLY
2020-08-14 11:39:30.219 +00:00 [DBG] A data reader was disposed.
2020-08-14 11:39:30.219 +00:00 [DBG] Closing connection to database 'Seamless' on server '.\SQLEXPRESS'.
2020-08-14 11:39:30.220 +00:00 [DBG] Closed connection to database 'Seamless' on server '.\SQLEXPRESS'.
2020-08-14 11:39:30.220 +00:00 [INF] Executed action method Seamless.API.V1.Controllers.PriorityController.GetPrioritysAsync (Seamless.API.V1), returned result Microsoft.AspNetCore.Mvc.ObjectResult in 230.532ms.
2020-08-14 11:39:30.221 +00:00 [VRB] Action Filter: Before executing OnActionExecuted on filter Seamless.API.Helpers.HttpResponseExceptionFilter.
2020-08-14 11:39:30.221 +00:00 [VRB] Action Filter: After executing OnActionExecuted on filter Seamless.API.Helpers.HttpResponseExceptionFilter.
2020-08-14 11:39:30.221 +00:00 [VRB] Action Filter: After executing OnActionExecutionAsync on filter Seamless.API.Helpers.SerilogMvcLoggingAttribute.
2020-08-14 11:39:30.221 +00:00 [VRB] Action Filter: Before executing OnActionExecuted on filter Microsoft.AspNetCore.Mvc.Infrastructure.ModelStateInvalidFilter.
2020-08-14 11:39:30.221 +00:00 [VRB] Action Filter: After executing OnActionExecuted on filter Microsoft.AspNetCore.Mvc.Infrastructure.ModelStateInvalidFilter.
2020-08-14 11:39:30.221 +00:00 [VRB] Action Filter: Before executing OnActionExecuted on filter Microsoft.AspNetCore.Mvc.ModelBinding.UnsupportedContentTypeFilter.
2020-08-14 11:39:30.221 +00:00 [VRB] Action Filter: After executing OnActionExecuted on filter Microsoft.AspNetCore.Mvc.ModelBinding.UnsupportedContentTypeFilter.
2020-08-14 11:39:30.222 +00:00 [VRB] Result Filter: Before executing OnResultExecuting on filter Microsoft.AspNetCore.Mvc.ViewFeatures.Filters.SaveTempDataFilter.
2020-08-14 11:39:30.222 +00:00 [VRB] Result Filter: After executing OnResultExecuting on filter Microsoft.AspNetCore.Mvc.ViewFeatures.Filters.SaveTempDataFilter.
2020-08-14 11:39:30.222 +00:00 [VRB] Result Filter: Before executing OnResultExecuting on filter Microsoft.AspNetCore.Mvc.Infrastructure.ClientErrorResultFilter.
2020-08-14 11:39:30.222 +00:00 [VRB] Result Filter: After executing OnResultExecuting on filter Microsoft.AspNetCore.Mvc.Infrastructure.ClientErrorResultFilter.
2020-08-14 11:39:30.222 +00:00 [VRB] Result Filter: Before executing OnResultExecutionAsync on filter Seamless.API.Helpers.SerilogMvcLoggingAttribute.
2020-08-14 11:39:30.222 +00:00 [VRB] Result Filter: Before executing OnResultExecuting on filter Microsoft.AspNetCore.Mvc.ProducesAttribute.
2020-08-14 11:39:30.222 +00:00 [VRB] Result Filter: After executing OnResultExecuting on filter Microsoft.AspNetCore.Mvc.ProducesAttribute.
2020-08-14 11:39:30.223 +00:00 [VRB] Before executing action result Microsoft.AspNetCore.Mvc.ObjectResult.
2020-08-14 11:39:30.223 +00:00 [DBG] List of registered output formatters, in the following order: ["Microsoft.AspNetCore.Mvc.Formatters.HttpNoContentOutputFormatter","Microsoft.AspNetCore.Mvc.Formatters.StringOutputFormatter","Microsoft.AspNetCore.Mvc.Formatters.StreamOutputFormatter","Microsoft.AspNetCore.Mvc.Formatters.SystemTextJsonOutputFormatter"]
2020-08-14 11:39:30.223 +00:00 [DBG] Attempting to select an output formatter based on Accept header '["application/json"]' and explicitly specified content types '["application/json"]'. The content types in the accept header must be a subset of the explicitly set content types.
2020-08-14 11:39:30.223 +00:00 [DBG] Selected output formatter 'Microsoft.AspNetCore.Mvc.Formatters.SystemTextJsonOutputFormatter' and content type 'application/json' to write the response.
2020-08-14 11:39:30.224 +00:00 [INF] Executing ObjectResult, writing value of type 'Seamless.Model.Dtos.PagedResults`1[[Seamless.Model.Dtos.PriorityDto, Seamless.Model, Version=1.0.0.0, Culture=neutral, PublicKeyToken=null]]'.
2020-08-14 11:39:30.231 +00:00 [VRB] After executing action result Microsoft.AspNetCore.Mvc.ObjectResult.
2020-08-14 11:39:30.232 +00:00 [VRB] Result Filter: Before executing OnResultExecuted on filter Microsoft.AspNetCore.Mvc.ProducesAttribute.
2020-08-14 11:39:30.232 +00:00 [VRB] Result Filter: After executing OnResultExecuted on filter Microsoft.AspNetCore.Mvc.ProducesAttribute.
2020-08-14 11:39:30.232 +00:00 [VRB] Result Filter: After executing OnResultExecutionAsync on filter Seamless.API.Helpers.SerilogMvcLoggingAttribute.
2020-08-14 11:39:30.232 +00:00 [VRB] Result Filter: Before executing OnResultExecuted on filter Microsoft.AspNetCore.Mvc.Infrastructure.ClientErrorResultFilter.
2020-08-14 11:39:30.232 +00:00 [VRB] Result Filter: After executing OnResultExecuted on filter Microsoft.AspNetCore.Mvc.Infrastructure.ClientErrorResultFilter.
2020-08-14 11:39:30.232 +00:00 [VRB] Result Filter: Before executing OnResultExecuted on filter Microsoft.AspNetCore.Mvc.ViewFeatures.Filters.SaveTempDataFilter.
2020-08-14 11:39:30.232 +00:00 [VRB] Result Filter: After executing OnResultExecuted on filter Microsoft.AspNetCore.Mvc.ViewFeatures.Filters.SaveTempDataFilter.
2020-08-14 11:39:30.233 +00:00 [VRB] Resource Filter: Before executing OnResourceExecuted on filter Microsoft.AspNetCore.Mvc.ConsumesAttribute.
2020-08-14 11:39:30.233 +00:00 [VRB] Resource Filter: After executing OnResourceExecuted on filter Microsoft.AspNetCore.Mvc.ConsumesAttribute.
2020-08-14 11:39:30.233 +00:00 [VRB] Resource Filter: Before executing OnResourceExecuted on filter Microsoft.AspNetCore.Mvc.ViewFeatures.Filters.SaveTempDataFilter.
2020-08-14 11:39:30.233 +00:00 [VRB] Resource Filter: After executing OnResourceExecuted on filter Microsoft.AspNetCore.Mvc.ViewFeatures.Filters.SaveTempDataFilter.
2020-08-14 11:39:30.233 +00:00 [INF] Executed action Seamless.API.V1.Controllers.PriorityController.GetPrioritysAsync (Seamless.API.V1) in 261.4611ms
2020-08-14 11:39:30.234 +00:00 [INF] Executed endpoint 'Seamless.API.V1.Controllers.PriorityController.GetPrioritysAsync (Seamless.API.V1)'
2020-08-14 11:39:30.234 +00:00 [DBG] Response information GET /api/v1/priority 200
2020-08-14 11:39:30.235 +00:00 [INF] HTTP GET /api/v1/priority?sort=name&direction=asc&pageIndex=1&pageSize=2 responded 200 in 299.8686 ms
2020-08-14 11:39:30.235 +00:00 [DBG] 'SeamlessContext' disposed.
2020-08-14 11:39:30.235 +00:00 [INF] Request finished in 302.7967ms 200 application/json; charset=utf-8
